#
# A fatal error has been detected by the Java Runtime Environment:
#
#  EXCEPTION_ACCESS_VIOLATION (0xc0000005) at pc=0x00007ffe8aa2a0a0, pid=20984, tid=18584
#
# JRE version: Java(TM) SE Runtime Environment (9.0+11) (build 9.0.4+11)
# Java VM: Java HotSpot(TM) 64-Bit Server VM (9.0.4+11, mixed mode, tiered, compressed oops, g1 gc, windows-amd64)
# Problematic frame:
# C  [librdi_coregen.dll+0x7ea0a0]
#
# No core dump will be written. Minidumps are not enabled by default on client versions of Windows
#
# If you would like to submit a bug report, please visit:
#   http://bugreport.java.com/bugreport/crash.jsp
# The crash happened outside the Java Virtual Machine in native code.
# See problematic frame for where to report the bug.
#

---------------  S U M M A R Y ------------

Command Line: -Dsun.java2d.pmoffscreen=false -Dsun.java2d.xrender=false -Dsun.java2d.d3d=false -Dsun.awt.nopixfmt=true -Dsun.java2d.dpiaware=true -Dsun.java2d.uiScale.enabled=false -Xverify:none -Dswing.aatext=true -XX:-UsePerfData -Djdk.map.althashing.threshold=512 -XX:StringTableSize=4072 --add-opens=java.base/java.nio=ALL-UNNAMED --add-opens=java.desktop/sun.swing=ALL-UNNAMED --add-opens=java.desktop/javax.swing=ALL-UNNAMED --add-opens=java.desktop/javax.swing.tree=ALL-UNNAMED --add-opens=java.desktop/javax.swing.plaf.basic=ALL-UNNAMED --add-opens=java.desktop/javax.swing.plaf.synth=ALL-UNNAMED --add-opens=java.desktop/com.sun.awt=ALL-UNNAMED -XX:NewSize=60m -XX:MaxNewSize=60m -Xms128m -Xmx3072m -Xss5m 

Host: Intel(R) Core(TM) i7-9750H CPU @ 2.60GHz, 12 cores, 7G,  Windows 10 , 64 bit Build 18362 (10.0.18362.959)
Time: Tue Jul 28 14:21:06 2020 ?D1¨²¡À¨º¡Á?¨º¡À?? elapsed time: 14298 seconds (0d 3h 58m 18s)

---------------  T H R E A D  ---------------

Current thread (0x000001f0e8598800):  JavaThread "AWT-EventQueue-1" [_thread_in_native, id=18584, stack(0x000000bb75d00000,0x000000bb76200000)]

Stack: [0x000000bb75d00000,0x000000bb76200000],  sp=0x000000bb761fd168,  free space=5108k
Native frames: (J=compiled Java code, j=interpreted, Vv=VM code, C=native code)
C  [librdi_coregen.dll+0x7ea0a0]

Java frames: (J=compiled Java code, j=interpreted, Vv=VM code)
j  ui.data.rsbi.RSBReposBlock_usesScopedBd(J)Z+0
j  ui.data.j.aB.bKT()Z+4
j  ui.data.j.M.bKS()Z+1
j  ui.views.R.fS.y(Ljava/awt/event/MouseEvent;)V+1635
j  ui.views.R.fS.b(Lui/views/R/fS;Ljava/awt/event/MouseEvent;)V+2
j  ui.views.R.gZ.bD(Ljava/awt/event/MouseEvent;)V+5
j  ui.views.R.gZ$$Lambda$323.run()V+8
J 14905 c2 java.awt.EventQueue$3.run()Ljava/lang/Object; java.desktop@9.0.4 (5 bytes) @ 0x000001f0d507c304 [0x000001f0d507c200+0x0000000000000104]
v  ~StubRoutines::call_stub
J 4126  java.security.AccessController.doPrivileged(Ljava/security/PrivilegedAction;Ljava/security/AccessControlContext;)Ljava/lang/Object; java.base@9.0.4 (0 bytes) @ 0x000001f0d46bbec6 [0x000001f0d46bbe60+0x0000000000000066]
J 14820 c2 ui.frmwork.b.d.dispatchEvent(Ljava/awt/AWTEvent;)V (34 bytes) @ 0x000001f0d502710c [0x000001f0d5026ba0+0x000000000000056c]
J 25453 c2 java.awt.EventDispatchThread.pumpOneEventForFilters(I)V java.desktop@9.0.4 (218 bytes) @ 0x000001f0d5bb0080 [0x000001f0d5bafd80+0x0000000000000300]
J 24281% c2 java.awt.EventDispatchThread.pumpEventsForFilter(ILjava/awt/Conditional;Ljava/awt/EventFilter;)V java.desktop@9.0.4 (47 bytes) @ 0x000001f0d5a3e1d8 [0x000001f0d5a3e0c0+0x0000000000000118]
j  java.awt.EventDispatchThread.pumpEventsForHierarchy(ILjava/awt/Conditional;Ljava/awt/Component;)V+11 java.desktop@9.0.4
j  java.awt.EventDispatchThread.pumpEvents(ILjava/awt/Conditional;)V+4 java.desktop@9.0.4
j  java.awt.EventDispatchThread.pumpEvents(Ljava/awt/Conditional;)V+3 java.desktop@9.0.4
j  java.awt.EventDispatchThread.run()V+9 java.desktop@9.0.4
v  ~StubRoutines::call_stub

siginfo: EXCEPTION_ACCESS_VIOLATION (0xc0000005), reading address 0xffffffffffffffff


Register to memory mapping:

RIP=0x00007ffe8aa2a0a0 librdi_coregen.dll
RAX=0xffd4802b000000a8 is an unknown value
RBX=0x000001f0eb661a78 is an unknown value
RCX=0xffd4802b000000a8 is an unknown value
RDX=0x000000bb761fd220 is pointing into the stack for thread: 0x000001f0e8598800
RSP=0x000000bb761fd168 is pointing into the stack for thread: 0x000001f0e8598800
RBP=0x00007ffe8bef7d70 librdi_coregen.dll
RSI=0xffd4802b000000a8 is an unknown value
RDI=0x0000000000000024 is an unknown value
R8 =0x00007ffe8bef7d70 librdi_coregen.dll
R9 =0x00000000e0241515 is an unknown value
R10=0x000001f0cc9b91f0 is at code_begin+976 in an Interpreter codelet
method entry point (kind = native)  [0x000001f0cc9b8e20, 0x000001f0cc9b9980]  2912 bytes
R11=0x000000bb761fd1f8 is pointing into the stack for thread: 0x000001f0e8598800
R12=0x0000000000000000 is an unknown value
R13={method} {0x000001f09e873de8} 'RSBReposBlock_usesScopedBd' '(J)Z' in 'ui/data/rsbi'
R14=0x000000bb761fd3e0 is pointing into the stack for thread: 0x000001f0e8598800
R15=0x000001f0e8598800 is a thread


Registers:
RAX=0xffd4802b000000a8, RBX=0x000001f0eb661a78, RCX=0xffd4802b000000a8, RDX=0x000000bb761fd220
RSP=0x000000bb761fd168, RBP=0x00007ffe8bef7d70, RSI=0xffd4802b000000a8, RDI=0x0000000000000024
R8 =0x00007ffe8bef7d70, R9 =0x00000000e0241515, R10=0x000001f0cc9b91f0, R11=0x000000bb761fd1f8
R12=0x0000000000000000, R13=0x000001f09e873de0, R14=0x000000bb761fd3e0, R15=0x000001f0e8598800
RIP=0x00007ffe8aa2a0a0, EFLAGS=0x0000000000010202

Top of Stack: (sp=0x000000bb761fd168)
0x000000bb761fd168:   00007ffe8a916f64 0000000700ad1e70
0x000000bb761fd178:   00000007e015a809 0000000000000000
0x000000bb761fd188:   000001f0d4767bf4 0000000700000001
0x000000bb761fd198:   000000bb761fd220 000001f0948be240
0x000000bb761fd1a8:   fffffffffffffffe 000000bb761fd220
0x000000bb761fd1b8:   00007ffe8abac360 0000000000000001
0x000000bb761fd1c8:   000000bb761fd228 000000bb761fd3b8
0x000000bb761fd1d8:   0000359d6bf50859 0000000000000138
0x000000bb761fd1e8:   0000000000000000 000000bb761fd3b8
0x000000bb761fd1f8:   00007ffe8a94891b 0000000000000000
0x000000bb761fd208:   0000000000000000 000001f09e873de0
0x000000bb761fd218:   0000000700fc86f8 0000000000000000
0x000000bb761fd228:   0000000000000000 0000000000000000
0x000000bb761fd238:   000001f0d46f11ec 0000000000000000
0x000000bb761fd248:   00007ffe8af0171d 000001f09e873de0
0x000000bb761fd258:   000001f09e873de0 00000007016820e0 

Instructions: (pc=0x00007ffe8aa2a0a0)
0x00007ffe8aa2a080:   00 48 8b 9c 24 a0 00 00 00 48 81 c4 80 00 00 00
0x00007ffe8aa2a090:   5f c3 cc cc cc cc cc cc cc cc cc cc cc cc cc cc
0x00007ffe8aa2a0a0:   48 8b 41 08 48 8d 0d b5 59 4c 01 48 85 c0 48 0f
0x00007ffe8aa2a0b0:   45 c8 e9 49 c7 9c ff cc cc cc cc cc cc cc cc cc 



---------------  P R O C E S S  ---------------

Java Threads: ( => current thread )
  0x000001f09e151800 JavaThread "Image Fetcher 3" daemon [_thread_blocked, id=2572, stack(0x000000bb00f00000,0x000000bb01400000)]
  0x000001f09e151000 JavaThread "Thread-8016" [_thread_in_native, id=18276, stack(0x000000bb00a00000,0x000000bb00b00000)]
  0x000001f09e14b000 JavaThread "Thread-7724" [_thread_in_native, id=16376, stack(0x000000bb00b00000,0x000000bb00c00000)]
  0x000001f09d7a7800 JavaThread "Swing-Shell" daemon [_thread_blocked, id=3316, stack(0x000000bb76200000,0x000000bb76700000)]
  0x000001f0ed364000 JavaThread "Thread-2924" [_thread_in_native, id=17572, stack(0x000000bb76200000,0x000000bb76300000)]
  0x000001f09d7a0000 JavaThread "Thread-2915" [_thread_in_native, id=27832, stack(0x000000bb76300000,0x000000bb76400000)]
  0x000001f09d7a9800 JavaThread "Thread-2685" [_thread_in_native, id=21144, stack(0x000000bb76200000,0x000000bb76300000)]
  0x000001f09d7a8000 JavaThread "Thread-2677" [_thread_in_native, id=20384, stack(0x000000bb76300000,0x000000bb76400000)]
  0x000001f09d79c000 JavaThread "Thread-2548" [_thread_in_native, id=3076, stack(0x000000bb75200000,0x000000bb75300000)]
  0x000001f09d79d800 JavaThread "Thread-2540" [_thread_in_native, id=21388, stack(0x000000bb76200000,0x000000bb76300000)]
  0x000001f09d79e800 JavaThread "SyntheticaAnimation 50" daemon [_thread_blocked, id=7416, stack(0x000000bb79c00000,0x000000bb7a100000)]
  0x000001f09d7a5000 JavaThread "Thread-2479" [_thread_in_native, id=23156, stack(0x000000bb75200000,0x000000bb75300000)]
  0x000001f09d7a4800 JavaThread "Thread-2470" [_thread_in_native, id=11296, stack(0x000000bb76200000,0x000000bb76300000)]
  0x000001f09d79f000 JavaThread "Thread-2436" [_thread_in_native, id=3604, stack(0x000000bb74f00000,0x000000bb75000000)]
  0x000001f09d7a1800 JavaThread "Thread-2428" [_thread_in_native, id=4908, stack(0x000000bb75200000,0x000000bb75300000)]
  0x000001f09d7a3000 JavaThread "Thread-2422" [_thread_in_native, id=8600, stack(0x000000bb6de00000,0x000000bb6df00000)]
  0x000001f09d79d000 JavaThread "Thread-2326" [_thread_in_native, id=20872, stack(0x000000bb76200000,0x000000bb76300000)]
  0x000001f09d7a0800 JavaThread "Thread-2319" [_thread_in_native, id=25904, stack(0x000000bb76300000,0x000000bb76400000)]
  0x000001f09d79b800 JavaThread "Thread-2165" [_thread_in_native, id=13952, stack(0x000000bb76200000,0x000000bb76300000)]
  0x000001f09d7a2000 JavaThread "Thread-2156" [_thread_in_native, id=10364, stack(0x000000bb76300000,0x000000bb76400000)]
  0x000001f08c420800 JavaThread "Thread-2015" [_thread_in_native, id=3776, stack(0x000000bb76400000,0x000000bb76500000)]
  0x000001f08c423800 JavaThread "Thread-2008" [_thread_in_native, id=26520, stack(0x000000bb76500000,0x000000bb76600000)]
  0x000001f08c41c000 JavaThread "Thread-1770" [_thread_in_native, id=24668, stack(0x000000bb76300000,0x000000bb76400000)]
  0x000001f08c422800 JavaThread "Thread-1763" [_thread_in_native, id=15332, stack(0x000000bb76400000,0x000000bb76500000)]
  0x000001f0f546d000 JavaThread "Thread-1664" [_thread_in_native, id=22096, stack(0x000000bb76200000,0x000000bb76300000)]
  0x000001f08c421000 JavaThread "Thread-1657" [_thread_in_native, id=27252, stack(0x000000bb76300000,0x000000bb76400000)]
  0x000001f08c41d800 JavaThread "Thread-1646" [_thread_in_native, id=7532, stack(0x000000bb75200000,0x000000bb75300000)]
  0x000001f08c416000 JavaThread "Thread-1626" [_thread_in_native, id=29588, stack(0x000000bb75200000,0x000000bb75300000)]
  0x000001f0ed366000 JavaThread "Thread-1619" [_thread_in_native, id=28088, stack(0x000000bb75200000,0x000000bb75300000)]
  0x000001f0ed362800 JavaThread "Thread-1592" [_thread_in_native, id=26848, stack(0x000000bb76d00000,0x000000bb76e00000)]
  0x000001f08c41f000 JavaThread "Monitor File Timestamp Swing Worker" [_thread_blocked, id=26976, stack(0x000000bb7c900000,0x000000bb7ce00000)]
  0x000001f08c417800 JavaThread "Timer-3" [_thread_blocked, id=23416, stack(0x000000bb7b700000,0x000000bb7bc00000)]
  0x000001f08c416800 JavaThread "Thread-396" [_thread_in_native, id=27056, stack(0x000000bb79c00000,0x000000bb79d00000)]
  0x000001f0ed364800 JavaThread "Image Animator 3" daemon [_thread_blocked, id=25348, stack(0x000000bb7a900000,0x000000bb7ae00000)]
  0x000001f0e8b76000 JavaThread "Thread-26" [_thread_in_native, id=16868, stack(0x000000bb77e00000,0x000000bb77f00000)]
  0x000001f0f5471800 JavaThread "SyntheticaAnimation 50" daemon [_thread_blocked, id=26660, stack(0x000000bb78300000,0x000000bb78800000)]
  0x000001f0f546f000 JavaThread "hw_ila_monitor" [_thread_blocked, id=27664, stack(0x000000bb79700000,0x000000bb79c00000)]
  0x000001f0f546d800 JavaThread "Update Runs Swing Worker" [_thread_blocked, id=22152, stack(0x000000bb79200000,0x000000bb79700000)]
  0x000001f0f546e800 JavaThread "Refresh Filesets Swing Worker" [_thread_blocked, id=30128, stack(0x000000bb78d00000,0x000000bb79200000)]
  0x000001f0e8b70000 JavaThread "SyntheticaAnimation 70" daemon [_thread_blocked, id=24556, stack(0x000000bb78800000,0x000000bb78d00000)]
  0x000001f0e8b6f000 JavaThread "SyntheticaAnimation 25" daemon [_thread_blocked, id=24708, stack(0x000000bb77900000,0x000000bb77e00000)]
  0x000001f0e8b75800 JavaThread "SyntheticaAnimation 50" daemon [_thread_blocked, id=17296, stack(0x000000bb77400000,0x000000bb77900000)]
  0x000001f0e8b73000 JavaThread "Monitor HEventQueue" [_thread_blocked, id=29908, stack(0x000000bb76f00000,0x000000bb77400000)]
  0x000001f0e8b72000 JavaThread "Batik CleanerThread" daemon [_thread_blocked, id=26324, stack(0x000000bb76700000,0x000000bb76c00000)]
  0x000001f0e8b73800 JavaThread "SyntheticaCleanerThread" daemon [_thread_blocked, id=29772, stack(0x000000bb75300000,0x000000bb75800000)]
=>0x000001f0e8598800 JavaThread "AWT-EventQueue-1" [_thread_in_native, id=18584, stack(0x000000bb75d00000,0x000000bb76200000)]
  0x000001f0e83f7800 JavaThread "AWT-Shutdown" [_thread_blocked, id=26480, stack(0x000000bb75800000,0x000000bb75d00000)]
  0x000001f0e84a3000 JavaThread "Process Messages" [_thread_blocked, id=24088, stack(0x000000bb73f00000,0x000000bb74400000)]
  0x000001f0e704d800 JavaThread "Thread-1" [_thread_in_native, id=1344, stack(0x000000bb6e100000,0x000000bb6f500000)]
  0x000001f0e702e800 JavaThread "TimerQueue" daemon [_thread_blocked, id=19640, stack(0x000000bb74900000,0x000000bb74e00000)]
  0x000001f0e6f46000 JavaThread "AWT-Windows" daemon [_thread_in_native, id=27860, stack(0x000000bb74400000,0x000000bb74900000)]
  0x000001f0e69ac000 JavaThread "Java2D Disposer" daemon [_thread_blocked, id=30356, stack(0x000000bb73a00000,0x000000bb73f00000)]
  0x000001f0e69a9800 JavaThread "Service Thread" daemon [_thread_blocked, id=31600, stack(0x000000bb73400000,0x000000bb73900000)]
  0x000001f0c4775000 JavaThread "Common-Cleaner" daemon [_thread_blocked, id=24192, stack(0x000000bb72f00000,0x000000bb73400000)]
  0x000001f0c4c60800 JavaThread "Sweeper thread" daemon [_thread_blocked, id=20252, stack(0x000000bb72a00000,0x000000bb72f00000)]
  0x000001f0c301b000 JavaThread "C1 CompilerThread3" daemon [_thread_blocked, id=3476, stack(0x000000bb72900000,0x000000bb72a00000)]
  0x000001f0c1bc4000 JavaThread "C2 CompilerThread2" daemon [_thread_blocked, id=9432, stack(0x000000bb72800000,0x000000bb72900000)]
  0x000001f0c1bc3800 JavaThread "C2 CompilerThread1" daemon [_thread_blocked, id=4776, stack(0x000000bb72700000,0x000000bb72800000)]
  0x000001f0c39f7000 JavaThread "C2 CompilerThread0" daemon [_thread_blocked, id=25556, stack(0x000000bb72600000,0x000000bb72700000)]
  0x000001f0c5e5e000 JavaThread "Attach Listener" daemon [_thread_blocked, id=22976, stack(0x000000bb72100000,0x000000bb72600000)]
  0x000001f0c39f6800 JavaThread "Signal Dispatcher" daemon [_thread_blocked, id=30256, stack(0x000000bb71c00000,0x000000bb72100000)]
  0x000001f0c3e3a800 JavaThread "Finalizer" daemon [_thread_blocked, id=2416, stack(0x000000bb71700000,0x000000bb71c00000)]
  0x000001f0c4074800 JavaThread "Reference Handler" daemon [_thread_blocked, id=31472, stack(0x000000bb71200000,0x000000bb71700000)]
  0x000001f0c1a1e000 JavaThread "main" [_thread_blocked, id=16928, stack(0x000000bb6e000000,0x000000bb6e100000)]

Other Threads:
  0x000001f0c4074000 VMThread "VM Thread" [stack: 0x000000bb71100000,0x000000bb71200000] [id=25816]
  0x000001f0e69ab800 WatcherThread [stack: 0x000000bb73900000,0x000000bb73a00000] [id=27984]
  0x000001f0c4c44000 GCTaskThread "GC Thread#0" [stack: 0x000000bb6f800000,0x000000bb6f900000] [id=20584]
  0x000001f0c4c46000 GCTaskThread "GC Thread#1" [stack: 0x000000bb6f900000,0x000000bb6fa00000] [id=26044]
  0x000001f0c4c49000 GCTaskThread "GC Thread#2" [stack: 0x000000bb6fa00000,0x000000bb6fb00000] [id=1984]
  0x000001f0c4c42800 GCTaskThread "GC Thread#3" [stack: 0x000000bb6fb00000,0x000000bb6fc00000] [id=4780]
  0x000001f0c4c43800 GCTaskThread "GC Thread#4" [stack: 0x000000bb6fc00000,0x000000bb6fd00000] [id=28484]
  0x000001f0c4c46800 GCTaskThread "GC Thread#5" [stack: 0x000000bb6fd00000,0x000000bb6fe00000] [id=14572]
  0x000001f0c4c43000 GCTaskThread "GC Thread#6" [stack: 0x000000bb6fe00000,0x000000bb6ff00000] [id=22352]
  0x000001f0c4c48000 GCTaskThread "GC Thread#7" [stack: 0x000000bb6ff00000,0x000000bb70000000] [id=25364]
  0x000001f0c4c48800 GCTaskThread "GC Thread#8" [stack: 0x000000bb70000000,0x000000bb70100000] [id=28020]
  0x000001f0c4c45000 GCTaskThread "GC Thread#9" [stack: 0x000000bb70100000,0x000000bb70200000] [id=30808]
  0x000001f0c1484000 ConcurrentGCThread "G1 Main Marker" [stack: 0x000000bb70d00000,0x000000bb70e00000] [id=27280]
  0x000001f0c4c47800 ConcurrentGCThread "G1 Marker#0" [stack: 0x000000bb70e00000,0x000000bb70f00000] [id=29988]
  0x000001f0c4c45800 ConcurrentGCThread "G1 Marker#1" [stack: 0x000000bb70f00000,0x000000bb71000000] [id=15544]
  0x000001f0c4409000 ConcurrentGCThread "G1 Marker#2" [stack: 0x000000bb71000000,0x000000bb71100000] [id=11148]
  0x000001f0c385a000 ConcurrentGCThread "G1 Refine#0" [stack: 0x000000bb70b00000,0x000000bb70c00000] [id=29272]
  0x000001f0c18f7800 ConcurrentGCThread "G1 Refine#1" [stack: 0x000000bb70a00000,0x000000bb70b00000] [id=21804]
  0x000001f0c18f6800 ConcurrentGCThread "G1 Refine#2" [stack: 0x000000bb70900000,0x000000bb70a00000] [id=14404]
  0x000001f0c3b6d800 ConcurrentGCThread "G1 Refine#3" [stack: 0x000000bb70800000,0x000000bb70900000] [id=24292]
  0x000001f0c4db5000 ConcurrentGCThread "G1 Refine#4" [stack: 0x000000bb70700000,0x000000bb70800000] [id=28976]
  0x000001f0c3748000 ConcurrentGCThread "G1 Refine#5" [stack: 0x000000bb70600000,0x000000bb70700000] [id=29544]
  0x000001f0c1ae5000 ConcurrentGCThread "G1 Refine#6" [stack: 0x000000bb70500000,0x000000bb70600000] [id=16456]
  0x000001f0c1ae4000 ConcurrentGCThread "G1 Refine#7" [stack: 0x000000bb70400000,0x000000bb70500000] [id=22584]
  0x000001f0c17ac000 ConcurrentGCThread "G1 Refine#8" [stack: 0x000000bb70300000,0x000000bb70400000] [id=29920]
  0x000001f0c17ab800 ConcurrentGCThread "G1 Refine#9" [stack: 0x000000bb70200000,0x000000bb70300000] [id=11804]
  0x000001f0c3a16000 ConcurrentGCThread "G1 Young RemSet Sampling" [stack: 0x000000bb70c00000,0x000000bb70d00000] [id=2484]

Threads with active compile tasks:

VM state:not at safepoint (normal execution)

VM Mutex/Monitor currently owned by a thread: None

Heap address: 0x0000000700000000, size: 3072 MB, Compressed Oops mode: Zero based, Oop shift amount: 3
Narrow klass base: 0x0000000000000000, Narrow klass shift: 3
Compressed class space size: 1073741824 Address: 0x00000007c0000000

Heap:
 garbage-first heap   total 323584K, used 156377K [0x0000000700000000, 0x00000007001009e0, 0x00000007c0000000)
  region size 1024K, 56 young (57344K), 3 survivors (3072K)
 Metaspace       used 102200K, capacity 104910K, committed 112688K, reserved 1144832K
  class space    used 14813K, capacity 15361K, committed 16944K, reserved 1048576K
Heap Regions: E=young(eden), S=young(survivor), O=old, HS=humongous(starts), HC=humongous(continues), CS=collection set, F=free, A=archive, TS=gc time stamp, AC=allocation context, TAMS=top-at-mark-start (previous, next)
|   0|0x0000000700000000, 0x00000007000cb980, 0x0000000700100000| 79%| O|  |TS  0|AC  0|TAMS 0x0000000700000000, 0x0000000700000000|
|   1|0x0000000700100000, 0x0000000700200000, 0x0000000700200000|100%|HS|  |TS  0|AC  0|TAMS 0x0000000700100000, 0x0000000700100000|
|   2|0x0000000700200000, 0x0000000700300000, 0x0000000700300000|100%|HC|  |TS  0|AC  0|TAMS 0x0000000700200000, 0x0000000700200000|
|   3|0x0000000700300000, 0x0000000700400000, 0x0000000700400000|100%|HS|  |TS  0|AC  0|TAMS 0x0000000700300000, 0x0000000700300000|
|   4|0x0000000700400000, 0x00000007004fffd8, 0x0000000700500000| 99%| O|  |TS  0|AC  0|TAMS 0x0000000700400000, 0x0000000700400000|
|   5|0x0000000700500000, 0x00000007005ffff8, 0x0000000700600000| 99%| O|  |TS  0|AC  0|TAMS 0x0000000700500000, 0x0000000700500000|
|   6|0x0000000700600000, 0x00000007006ffff0, 0x0000000700700000| 99%| O|  |TS  0|AC  0|TAMS 0x0000000700600000, 0x0000000700600000|
|   7|0x0000000700700000, 0x00000007007f65a0, 0x0000000700800000| 96%| O|  |TS  0|AC  0|TAMS 0x0000000700700000, 0x0000000700700000|
|   8|0x0000000700800000, 0x00000007008acc68, 0x0000000700900000| 67%| O|  |TS  0|AC  0|TAMS 0x0000000700800000, 0x0000000700800000|
|   9|0x0000000700900000, 0x00000007009ffff8, 0x0000000700a00000| 99%| O|  |TS  0|AC  0|TAMS 0x0000000700900000, 0x0000000700900000|
|  10|0x0000000700a00000, 0x0000000700afe870, 0x0000000700b00000| 99%| O|  |TS  0|AC  0|TAMS 0x0000000700a00000, 0x0000000700a00000|
|  11|0x0000000700b00000, 0x0000000700bfe760, 0x0000000700c00000| 99%| O|  |TS  0|AC  0|TAMS 0x0000000700b00000, 0x0000000700b00000|
|  12|0x0000000700c00000, 0x0000000700cfffe8, 0x0000000700d00000| 99%| O|  |TS  0|AC  0|TAMS 0x0000000700c00000, 0x0000000700c00000|
|  13|0x0000000700d00000, 0x0000000700dddf88, 0x0000000700e00000| 86%| O|  |TS  0|AC  0|TAMS 0x0000000700d00000, 0x0000000700d00000|
|  14|0x0000000700e00000, 0x0000000700efbbf0, 0x0000000700f00000| 98%| O|  |TS  0|AC  0|TAMS 0x0000000700e00000, 0x0000000700e00000|
|  15|0x0000000700f00000, 0x0000000701000000, 0x0000000701000000|100%| O|  |TS  0|AC  0|TAMS 0x0000000700f00000, 0x0000000700f00000|
|  16|0x0000000701000000, 0x00000007010fffc8, 0x0000000701100000| 99%| O|  |TS  0|AC  0|TAMS 0x0000000701000000, 0x0000000701000000|
|  17|0x0000000701100000, 0x0000000701200000, 0x0000000701200000|100%| O|  |TS  0|AC  0|TAMS 0x0000000701100000, 0x0000000701100000|
|  18|0x0000000701200000, 0x00000007012fffe0, 0x0000000701300000| 99%| O|  |TS  0|AC  0|TAMS 0x0000000701200000, 0x0000000701200000|
|  19|0x0000000701300000, 0x00000007013fffe0, 0x0000000701400000| 99%| O|  |TS  0|AC  0|TAMS 0x0000000701300000, 0x0000000701300000|
|  20|0x0000000701400000, 0x00000007014fffe8, 0x0000000701500000| 99%| O|  |TS  0|AC  0|TAMS 0x0000000701400000, 0x0000000701400000|
|  21|0x0000000701500000, 0x00000007015ffff0, 0x0000000701600000| 99%| O|  |TS  0|AC  0|TAMS 0x0000000701500000, 0x0000000701500000|
|  22|0x0000000701600000, 0x00000007016ffff0, 0x0000000701700000| 99%| O|  |TS  0|AC  0|TAMS 0x0000000701600000, 0x0000000701600000|
|  23|0x0000000701700000, 0x0000000701800000, 0x0000000701800000|100%| O|  |TS  0|AC  0|TAMS 0x0000000701700000, 0x0000000701700000|
|  24|0x0000000701800000, 0x0000000701900000, 0x0000000701900000|100%| O|  |TS  0|AC  0|TAMS 0x0000000701800000, 0x0000000701800000|
|  25|0x0000000701900000, 0x00000007019fffd8, 0x0000000701a00000| 99%| O|  |TS  0|AC  0|TAMS 0x0000000701900000, 0x0000000701900000|
|  26|0x0000000701a00000, 0x0000000701affff8, 0x0000000701b00000| 99%| O|  |TS  0|AC  0|TAMS 0x0000000701a00000, 0x0000000701a00000|
|  27|0x0000000701b00000, 0x0000000701bffe70, 0x0000000701c00000| 99%| O|  |TS  0|AC  0|TAMS 0x0000000701b00000, 0x0000000701b00000|
|  28|0x0000000701c00000, 0x0000000701cffff8, 0x0000000701d00000| 99%| O|  |TS  0|AC  0|TAMS 0x0000000701c00000, 0x0000000701c00000|
|  29|0x0000000701d00000, 0x0000000701dcf5c8, 0x0000000701e00000| 81%| O|  |TS  0|AC  0|TAMS 0x0000000701d00000, 0x0000000701d00000|
|  30|0x0000000701e00000, 0x0000000701efffd8, 0x0000000701f00000| 99%| O|  |TS  0|AC  0|TAMS 0x0000000701e00000, 0x0000000701e00000|
|  31|0x0000000701f00000, 0x0000000701fffff0, 0x0000000702000000| 99%| O|  |TS  0|AC  0|TAMS 0x0000000701f00000, 0x0000000701f00000|
|  32|0x0000000702000000, 0x00000007020fff40, 0x0000000702100000| 99%| O|  |TS  0|AC  0|TAMS 0x0000000702000000, 0x0000000702000000|
|  33|0x0000000702100000, 0x00000007021ffe68, 0x0000000702200000| 99%| O|  |TS  0|AC  0|TAMS 0x0000000702100000, 0x0000000702100000|
|  34|0x0000000702200000, 0x00000007022ffff0, 0x0000000702300000| 99%| O|  |TS  0|AC  0|TAMS 0x0000000702200000, 0x0000000702200000|
|  35|0x0000000702300000, 0x00000007023ffff8, 0x0000000702400000| 99%| O|  |TS  0|AC  0|TAMS 0x0000000702300000, 0x0000000702300000|
|  36|0x0000000702400000, 0x00000007024fffc8, 0x0000000702500000| 99%| O|  |TS  0|AC  0|TAMS 0x0000000702400000, 0x0000000702400000|
|  37|0x0000000702500000, 0x0000000702600000, 0x0000000702600000|100%| O|  |TS  0|AC  0|TAMS 0x0000000702500000, 0x0000000702500000|
|  38|0x0000000702600000, 0x00000007026ffff8, 0x0000000702700000| 99%| O|  |TS  0|AC  0|TAMS 0x0000000702600000, 0x0000000702600000|
|  39|0x0000000702700000, 0x00000007027ffff0, 0x0000000702800000| 99%| O|  |TS  0|AC  0|TAMS 0x0000000702700000, 0x0000000702700000|
|  40|0x0000000702800000, 0x0000000702900000, 0x0000000702900000|100%|HS|  |TS  0|AC  0|TAMS 0x0000000702800000, 0x0000000702800000|
|  41|0x0000000702900000, 0x0000000702a00000, 0x0000000702a00000|100%|HC|  |TS  0|AC  0|TAMS 0x0000000702900000, 0x0000000702900000|
|  42|0x0000000702a00000, 0x0000000702b00000, 0x0000000702b00000|100%|HC|  |TS  0|AC  0|TAMS 0x0000000702a00000, 0x0000000702a00000|
|  43|0x0000000702b00000, 0x0000000702c00000, 0x0000000702c00000|100%|HC|  |TS  0|AC  0|TAMS 0x0000000702b00000, 0x0000000702b00000|
|  44|0x0000000702c00000, 0x0000000702d00000, 0x0000000702d00000|100%|HC|  |TS  0|AC  0|TAMS 0x0000000702c00000, 0x0000000702c00000|
|  45|0x0000000702d00000, 0x0000000702e00000, 0x0000000702e00000|100%|HC|  |TS  0|AC  0|TAMS 0x0000000702d00000, 0x0000000702d00000|
|  46|0x0000000702e00000, 0x0000000702f00000, 0x0000000702f00000|100%|HC|  |TS  0|AC  0|TAMS 0x0000000702e00000, 0x0000000702e00000|
|  47|0x0000000702f00000, 0x0000000703000000, 0x0000000703000000|100%|HC|  |TS  0|AC  0|TAMS 0x0000000702f00000, 0x0000000702f00000|
|  48|0x0000000703000000, 0x0000000703100000, 0x0000000703100000|100%| O|  |TS  0|AC  0|TAMS 0x0000000703000000, 0x0000000703000000|
|  49|0x0000000703100000, 0x0000000703200000, 0x0000000703200000|100%| O|  |TS  0|AC  0|TAMS 0x0000000703100000, 0x0000000703100000|
|  50|0x0000000703200000, 0x00000007032fffe8, 0x0000000703300000| 99%| O|  |TS  0|AC  0|TAMS 0x0000000703200000, 0x0000000703200000|
|  51|0x0000000703300000, 0x0000000703400000, 0x0000000703400000|100%| O|  |TS  0|AC  0|TAMS 0x0000000703300000, 0x0000000703300000|
|  52|0x0000000703400000, 0x00000007034fffc8, 0x0000000703500000| 99%| O|  |TS  0|AC  0|TAMS 0x0000000703400000, 0x0000000703400000|
|  53|0x0000000703500000, 0x00000007035fe290, 0x0000000703600000| 99%| O|  |TS  0|AC  0|TAMS 0x0000000703500000, 0x0000000703500000|
|  54|0x0000000703600000, 0x00000007036ffea0, 0x0000000703700000| 99%| O|  |TS  0|AC  0|TAMS 0x0000000703600000, 0x0000000703600000|
|  55|0x0000000703700000, 0x00000007037fe670, 0x0000000703800000| 99%| O|  |TS  0|AC  0|TAMS 0x0000000703700000, 0x0000000703700000|
|  56|0x0000000703800000, 0x00000007038fffe8, 0x0000000703900000| 99%| O|  |TS  0|AC  0|TAMS 0x0000000703800000, 0x0000000703800000|
|  57|0x0000000703900000, 0x00000007039fffe8, 0x0000000703a00000| 99%| O|  |TS  0|AC  0|TAMS 0x0000000703900000, 0x0000000703900000|
|  58|0x0000000703a00000, 0x0000000703afffb0, 0x0000000703b00000| 99%| O|  |TS  0|AC  0|TAMS 0x0000000703a00000, 0x0000000703a00000|
|  59|0x0000000703b00000, 0x0000000703bfff50, 0x0000000703c00000| 99%| O|  |TS  0|AC  0|TAMS 0x0000000703b00000, 0x0000000703b00000|
|  60|0x0000000703c00000, 0x0000000703cdec60, 0x0000000703d00000| 87%| O|  |TS  0|AC  0|TAMS 0x0000000703c00000, 0x0000000703c00000|
|  61|0x0000000703d00000, 0x0000000703dfffe8, 0x0000000703e00000| 99%| O|  |TS  0|AC  0|TAMS 0x0000000703d00000, 0x0000000703d00000|
|  62|0x0000000703e00000, 0x0000000703efff98, 0x0000000703f00000| 99%| O|  |TS  0|AC  0|TAMS 0x0000000703e00000, 0x0000000703e00000|
|  63|0x0000000703f00000, 0x0000000703ffffd8, 0x0000000704000000| 99%| O|  |TS  0|AC  0|TAMS 0x0000000703f00000, 0x0000000703f00000|
|  64|0x0000000704000000, 0x00000007040fffd8, 0x0000000704100000| 99%| O|  |TS  0|AC  0|TAMS 0x0000000704000000, 0x0000000704000000|
|  65|0x0000000704100000, 0x0000000704200000, 0x0000000704200000|100%| O|  |TS  0|AC  0|TAMS 0x0000000704100000, 0x0000000704100000|
|  66|0x0000000704200000, 0x00000007042fffe8, 0x0000000704300000| 99%| O|  |TS  0|AC  0|TAMS 0x0000000704200000, 0x0000000704200000|
|  67|0x0000000704300000, 0x00000007043ffff8, 0x0000000704400000| 99%| O|  |TS  0|AC  0|TAMS 0x0000000704300000, 0x0000000704300000|
|  68|0x0000000704400000, 0x00000007044ffff0, 0x0000000704500000| 99%| O|  |TS  0|AC  0|TAMS 0x0000000704400000, 0x0000000704400000|
|  69|0x0000000704500000, 0x00000007045fffc0, 0x0000000704600000| 99%| O|  |TS  0|AC  0|TAMS 0x0000000704500000, 0x0000000704500000|
|  70|0x0000000704600000, 0x0000000704700000, 0x0000000704700000|100%| O|  |TS  0|AC  0|TAMS 0x0000000704600000, 0x0000000704600000|
|  71|0x0000000704700000, 0x0000000704800000, 0x0000000704800000|100%| O|  |TS  0|AC  0|TAMS 0x0000000704700000, 0x0000000704700000|
|  72|0x0000000704800000, 0x00000007048ffff0, 0x0000000704900000| 99%| O|  |TS  0|AC  0|TAMS 0x0000000704800000, 0x0000000704800000|
|  73|0x0000000704900000, 0x00000007049fffe8, 0x0000000704a00000| 99%| O|  |TS  0|AC  0|TAMS 0x0000000704900000, 0x0000000704900000|
|  74|0x0000000704a00000, 0x0000000704b00000, 0x0000000704b00000|100%| O|  |TS  0|AC  0|TAMS 0x0000000704a00000, 0x0000000704a00000|
|  75|0x0000000704b00000, 0x0000000704bffff8, 0x0000000704c00000| 99%| O|  |TS  0|AC  0|TAMS 0x0000000704b00000, 0x0000000704b00000|
|  76|0x0000000704c00000, 0x0000000704cfffb8, 0x0000000704d00000| 99%| O|  |TS  0|AC  0|TAMS 0x0000000704c00000, 0x0000000704c00000|
|  77|0x0000000704d00000, 0x0000000704e00000, 0x0000000704e00000|100%| O|  |TS  0|AC  0|TAMS 0x0000000704d00000, 0x0000000704d00000|
|  78|0x0000000704e00000, 0x0000000704f00000, 0x0000000704f00000|100%| O|  |TS  0|AC  0|TAMS 0x0000000704e00000, 0x0000000704e00000|
|  79|0x0000000704f00000, 0x0000000705000000, 0x0000000705000000|100%| O|  |TS  0|AC  0|TAMS 0x0000000704f00000, 0x0000000704f00000|
|  80|0x0000000705000000, 0x00000007050ffff0, 0x0000000705100000| 99%| O|  |TS  0|AC  0|TAMS 0x0000000705000000, 0x0000000705000000|
|  81|0x0000000705100000, 0x0000000705200000, 0x0000000705200000|100%|HS|  |TS  0|AC  0|TAMS 0x0000000705100000, 0x0000000705100000|
|  82|0x0000000705200000, 0x0000000705300000, 0x0000000705300000|100%|HC|  |TS  0|AC  0|TAMS 0x0000000705200000, 0x0000000705200000|
|  83|0x0000000705300000, 0x0000000705400000, 0x0000000705400000|100%|HC|  |TS  0|AC  0|TAMS 0x0000000705300000, 0x0000000705300000|
|  84|0x0000000705400000, 0x0000000705500000, 0x0000000705500000|100%|HC|  |TS  0|AC  0|TAMS 0x0000000705400000, 0x0000000705400000|
|  85|0x0000000705500000, 0x0000000705600000, 0x0000000705600000|100%|HC|  |TS  0|AC  0|TAMS 0x0000000705500000, 0x0000000705500000|
|  86|0x0000000705600000, 0x0000000705700000, 0x0000000705700000|100%|HC|  |TS  0|AC  0|TAMS 0x0000000705600000, 0x0000000705600000|
|  87|0x0000000705700000, 0x0000000705800000, 0x0000000705800000|100%|HC|  |TS  0|AC  0|TAMS 0x0000000705700000, 0x0000000705700000|
|  88|0x0000000705800000, 0x0000000705900000, 0x0000000705900000|100%|HC|  |TS  0|AC  0|TAMS 0x0000000705800000, 0x0000000705800000|
|  89|0x0000000705900000, 0x00000007059fd568, 0x0000000705a00000| 98%| O|  |TS  0|AC  0|TAMS 0x0000000705900000, 0x0000000705900000|
|  90|0x0000000705a00000, 0x0000000705afffa8, 0x0000000705b00000| 99%| O|  |TS  0|AC  0|TAMS 0x0000000705a00000, 0x0000000705a00000|
|  91|0x0000000705b00000, 0x0000000705bfffe8, 0x0000000705c00000| 99%| O|  |TS  0|AC  0|TAMS 0x0000000705b00000, 0x0000000705b00000|
|  92|0x0000000705c00000, 0x0000000705cffe40, 0x0000000705d00000| 99%| O|  |TS  0|AC  0|TAMS 0x0000000705c00000, 0x0000000705c00000|
|  93|0x0000000705d00000, 0x0000000705dfffe8, 0x0000000705e00000| 99%| O|  |TS  0|AC  0|TAMS 0x0000000705d00000, 0x0000000705d00000|
|  94|0x0000000705e00000, 0x0000000705ec7d58, 0x0000000705f00000| 78%| O|  |TS  0|AC  0|TAMS 0x0000000705e00000, 0x0000000705e00000|
|  95|0x0000000705f00000, 0x0000000706000000, 0x0000000706000000|100%| O|  |TS 45|AC  0|TAMS 0x0000000705f00000, 0x0000000705f00000|
|  96|0x0000000706000000, 0x0000000706100000, 0x0000000706100000|100%| O|  |TS 79|AC  0|TAMS 0x0000000706000000, 0x0000000706000000|
|  97|0x0000000706100000, 0x0000000706200000, 0x0000000706200000|100%| O|  |TS 97|AC  0|TAMS 0x0000000706100000, 0x0000000706100000|
|  98|0x0000000706200000, 0x00000007062eda00, 0x0000000706300000| 92%| O|  |TS135|AC  0|TAMS 0x0000000706200000, 0x0000000706200000|
|  99|0x0000000706300000, 0x0000000706300000, 0x0000000706400000|  0%| F|  |TS103|AC  0|TAMS 0x0000000706300000, 0x0000000706300000|
| 100|0x0000000706400000, 0x0000000706400000, 0x0000000706500000|  0%| F|  |TS  0|AC  0|TAMS 0x0000000706400000, 0x0000000706400000|
| 101|0x0000000706500000, 0x0000000706500000, 0x0000000706600000|  0%| F|  |TS  0|AC  0|TAMS 0x0000000706500000, 0x0000000706500000|
| 102|0x0000000706600000, 0x0000000706600000, 0x0000000706700000|  0%| F|  |TS  0|AC  0|TAMS 0x0000000706600000, 0x0000000706600000|
| 103|0x0000000706700000, 0x0000000706700000, 0x0000000706800000|  0%| F|  |TS  0|AC  0|TAMS 0x0000000706700000, 0x0000000706700000|
| 104|0x0000000706800000, 0x0000000706800000, 0x0000000706900000|  0%| F|  |TS  0|AC  0|TAMS 0x0000000706800000, 0x0000000706800000|
| 105|0x0000000706900000, 0x0000000706900000, 0x0000000706a00000|  0%| F|  |TS  0|AC  0|TAMS 0x0000000706900000, 0x0000000706900000|
| 106|0x0000000706a00000, 0x0000000706a00000, 0x0000000706b00000|  0%| F|  |TS  0|AC  0|TAMS 0x0000000706a00000, 0x0000000706a00000|
| 107|0x0000000706b00000, 0x0000000706b00000, 0x0000000706c00000|  0%| F|  |TS  0|AC  0|TAMS 0x0000000706b00000, 0x0000000706b00000|
| 108|0x0000000706c00000, 0x0000000706c00000, 0x0000000706d00000|  0%| F|  |TS  0|AC  0|TAMS 0x0000000706c00000, 0x0000000706c00000|
| 109|0x0000000706d00000, 0x0000000706d00000, 0x0000000706e00000|  0%| F|  |TS  0|AC  0|TAMS 0x0000000706d00000, 0x0000000706d00000|
| 110|0x0000000706e00000, 0x0000000706e00000, 0x0000000706f00000|  0%| F|  |TS  0|AC  0|TAMS 0x0000000706e00000, 0x0000000706e00000|
| 111|0x0000000706f00000, 0x0000000706f00000, 0x0000000707000000|  0%| F|  |TS  0|AC  0|TAMS 0x0000000706f00000, 0x0000000706f00000|
| 112|0x0000000707000000, 0x0000000707000000, 0x0000000707100000|  0%| F|  |TS  0|AC  0|TAMS 0x0000000707000000, 0x0000000707000000|
| 113|0x0000000707100000, 0x0000000707100000, 0x0000000707200000|  0%| F|  |TS  0|AC  0|TAMS 0x0000000707100000, 0x0000000707100000|
| 114|0x0000000707200000, 0x0000000707200000, 0x0000000707300000|  0%| F|  |TS  0|AC  0|TAMS 0x0000000707200000, 0x0000000707200000|
| 115|0x0000000707300000, 0x0000000707300000, 0x0000000707400000|  0%| F|  |TS  0|AC  0|TAMS 0x0000000707300000, 0x0000000707300000|
| 116|0x0000000707400000, 0x0000000707400000, 0x0000000707500000|  0%| F|  |TS  0|AC  0|TAMS 0x0000000707400000, 0x0000000707400000|
| 117|0x0000000707500000, 0x0000000707500000, 0x0000000707600000|  0%| F|  |TS  0|AC  0|TAMS 0x0000000707500000, 0x0000000707500000|
| 118|0x0000000707600000, 0x0000000707600000, 0x0000000707700000|  0%| F|  |TS  0|AC  0|TAMS 0x0000000707600000, 0x0000000707600000|
| 119|0x0000000707700000, 0x0000000707700000, 0x0000000707800000|  0%| F|  |TS  0|AC  0|TAMS 0x0000000707700000, 0x0000000707700000|
| 120|0x0000000707800000, 0x0000000707800000, 0x0000000707900000|  0%| F|  |TS  0|AC  0|TAMS 0x0000000707800000, 0x0000000707800000|
| 121|0x0000000707900000, 0x0000000707900000, 0x0000000707a00000|  0%| F|  |TS  0|AC  0|TAMS 0x0000000707900000, 0x0000000707900000|
| 122|0x0000000707a00000, 0x0000000707a00000, 0x0000000707b00000|  0%| F|  |TS  0|AC  0|TAMS 0x0000000707a00000, 0x0000000707a00000|
| 123|0x0000000707b00000, 0x0000000707b00000, 0x0000000707c00000|  0%| F|  |TS  0|AC  0|TAMS 0x0000000707b00000, 0x0000000707b00000|
| 124|0x0000000707c00000, 0x0000000707c00000, 0x0000000707d00000|  0%| F|  |TS  0|AC  0|TAMS 0x0000000707c00000, 0x0000000707c00000|
| 125|0x0000000707d00000, 0x0000000707d00000, 0x0000000707e00000|  0%| F|  |TS  0|AC  0|TAMS 0x0000000707d00000, 0x0000000707d00000|
| 126|0x0000000707e00000, 0x0000000707e00000, 0x0000000707f00000|  0%| F|  |TS  0|AC  0|TAMS 0x0000000707e00000, 0x0000000707e00000|
| 127|0x0000000707f00000, 0x0000000707f00000, 0x0000000708000000|  0%| F|  |TS  0|AC  0|TAMS 0x0000000707f00000, 0x0000000707f00000|
| 128|0x0000000708000000, 0x0000000708000000, 0x0000000708100000|  0%| F|  |TS  0|AC  0|TAMS 0x0000000708000000, 0x0000000708000000|
| 129|0x0000000708100000, 0x0000000708200000, 0x0000000708200000|100%|HS|  |TS  0|AC  0|TAMS 0x0000000708100000, 0x0000000708100000|
| 130|0x0000000708200000, 0x0000000708200000, 0x0000000708300000|  0%| F|  |TS  0|AC  0|TAMS 0x0000000708200000, 0x0000000708200000|
| 131|0x0000000708300000, 0x0000000708300000, 0x0000000708400000|  0%| F|  |TS  0|AC  0|TAMS 0x0000000708300000, 0x0000000708300000|
| 132|0x0000000708400000, 0x0000000708400000, 0x0000000708500000|  0%| F|  |TS  0|AC  0|TAMS 0x0000000708400000, 0x0000000708400000|
| 133|0x0000000708500000, 0x0000000708500000, 0x0000000708600000|  0%| F|  |TS  0|AC  0|TAMS 0x0000000708500000, 0x0000000708500000|
| 134|0x0000000708600000, 0x0000000708600000, 0x0000000708700000|  0%| F|  |TS  0|AC  0|TAMS 0x0000000708600000, 0x0000000708600000|
| 135|0x0000000708700000, 0x0000000708700000, 0x0000000708800000|  0%| F|  |TS  0|AC  0|TAMS 0x0000000708700000, 0x0000000708700000|
| 136|0x0000000708800000, 0x0000000708800000, 0x0000000708900000|  0%| F|  |TS  0|AC  0|TAMS 0x0000000708800000, 0x0000000708800000|
| 137|0x0000000708900000, 0x0000000708900000, 0x0000000708a00000|  0%| F|  |TS  0|AC  0|TAMS 0x0000000708900000, 0x0000000708900000|
| 138|0x0000000708a00000, 0x0000000708a00000, 0x0000000708b00000|  0%| F|  |TS  0|AC  0|TAMS 0x0000000708a00000, 0x0000000708a00000|
| 139|0x0000000708b00000, 0x0000000708b00000, 0x0000000708c00000|  0%| F|  |TS  0|AC  0|TAMS 0x0000000708b00000, 0x0000000708b00000|
| 140|0x0000000708c00000, 0x0000000708c00000, 0x0000000708d00000|  0%| F|  |TS  0|AC  0|TAMS 0x0000000708c00000, 0x0000000708c00000|
| 141|0x0000000708d00000, 0x0000000708d00000, 0x0000000708e00000|  0%| F|  |TS  0|AC  0|TAMS 0x0000000708d00000, 0x0000000708d00000|
| 142|0x0000000708e00000, 0x0000000708e00000, 0x0000000708f00000|  0%| F|  |TS  0|AC  0|TAMS 0x0000000708e00000, 0x0000000708e00000|
| 143|0x0000000708f00000, 0x0000000708f00000, 0x0000000709000000|  0%| F|  |TS  0|AC  0|TAMS 0x0000000708f00000, 0x0000000708f00000|
| 144|0x0000000709000000, 0x0000000709000000, 0x0000000709100000|  0%| F|  |TS  0|AC  0|TAMS 0x0000000709000000, 0x0000000709000000|
| 145|0x0000000709100000, 0x0000000709100000, 0x0000000709200000|  0%| F|  |TS  0|AC  0|TAMS 0x0000000709100000, 0x0000000709100000|
| 146|0x0000000709200000, 0x0000000709200000, 0x0000000709300000|  0%| F|  |TS  0|AC  0|TAMS 0x0000000709200000, 0x0000000709200000|
| 147|0x0000000709300000, 0x0000000709300000, 0x0000000709400000|  0%| F|  |TS  0|AC  0|TAMS 0x0000000709300000, 0x0000000709300000|
| 148|0x0000000709400000, 0x0000000709400000, 0x0000000709500000|  0%| F|  |TS  0|AC  0|TAMS 0x0000000709400000, 0x0000000709400000|
| 149|0x0000000709500000, 0x0000000709500000, 0x0000000709600000|  0%| F|  |TS  0|AC  0|TAMS 0x0000000709500000, 0x0000000709500000|
| 150|0x0000000709600000, 0x0000000709600000, 0x0000000709700000|  0%| F|  |TS  0|AC  0|TAMS 0x0000000709600000, 0x0000000709600000|
| 151|0x0000000709700000, 0x0000000709700000, 0x0000000709800000|  0%| F|  |TS  0|AC  0|TAMS 0x0000000709700000, 0x0000000709700000|
| 152|0x0000000709800000, 0x0000000709800000, 0x0000000709900000|  0%| F|  |TS  0|AC  0|TAMS 0x0000000709800000, 0x0000000709800000|
| 153|0x0000000709900000, 0x0000000709900000, 0x0000000709a00000|  0%| F|  |TS  0|AC  0|TAMS 0x0000000709900000, 0x0000000709900000|
| 154|0x0000000709a00000, 0x0000000709a00000, 0x0000000709b00000|  0%| F|  |TS  0|AC  0|TAMS 0x0000000709a00000, 0x0000000709a00000|
| 155|0x0000000709b00000, 0x0000000709b00000, 0x0000000709c00000|  0%| F|  |TS  0|AC  0|TAMS 0x0000000709b00000, 0x0000000709b00000|
| 156|0x0000000709c00000, 0x0000000709c00000, 0x0000000709d00000|  0%| F|  |TS  0|AC  0|TAMS 0x0000000709c00000, 0x0000000709c00000|
| 157|0x0000000709d00000, 0x0000000709d00000, 0x0000000709e00000|  0%| F|  |TS  0|AC  0|TAMS 0x0000000709d00000, 0x0000000709d00000|
| 158|0x0000000709e00000, 0x0000000709e00000, 0x0000000709f00000|  0%| F|  |TS  0|AC  0|TAMS 0x0000000709e00000, 0x0000000709e00000|
| 159|0x0000000709f00000, 0x0000000709f00000, 0x000000070a000000|  0%| F|  |TS  0|AC  0|TAMS 0x0000000709f00000, 0x0000000709f00000|
| 160|0x000000070a000000, 0x000000070a000000, 0x000000070a100000|  0%| F|  |TS  0|AC  0|TAMS 0x000000070a000000, 0x000000070a000000|
| 161|0x000000070a100000, 0x000000070a100000, 0x000000070a200000|  0%| F|  |TS  0|AC  0|TAMS 0x000000070a100000, 0x000000070a100000|
| 162|0x000000070a200000, 0x000000070a200000, 0x000000070a300000|  0%| F|  |TS  0|AC  0|TAMS 0x000000070a200000, 0x000000070a200000|
| 163|0x000000070a300000, 0x000000070a300000, 0x000000070a400000|  0%| F|  |TS  0|AC  0|TAMS 0x000000070a300000, 0x000000070a300000|
| 164|0x000000070a400000, 0x000000070a400000, 0x000000070a500000|  0%| F|  |TS  0|AC  0|TAMS 0x000000070a400000, 0x000000070a400000|
| 165|0x000000070a500000, 0x000000070a500000, 0x000000070a600000|  0%| F|  |TS  0|AC  0|TAMS 0x000000070a500000, 0x000000070a500000|
| 166|0x000000070a600000, 0x000000070a600000, 0x000000070a700000|  0%| F|  |TS  0|AC  0|TAMS 0x000000070a600000, 0x000000070a600000|
| 167|0x000000070a700000, 0x000000070a700000, 0x000000070a800000|  0%| F|  |TS  0|AC  0|TAMS 0x000000070a700000, 0x000000070a700000|
| 168|0x000000070a800000, 0x000000070a800000, 0x000000070a900000|  0%| F|  |TS  0|AC  0|TAMS 0x000000070a800000, 0x000000070a800000|
| 169|0x000000070a900000, 0x000000070a900000, 0x000000070aa00000|  0%| F|  |TS  0|AC  0|TAMS 0x000000070a900000, 0x000000070a900000|
| 170|0x000000070aa00000, 0x000000070aa00000, 0x000000070ab00000|  0%| F|  |TS  0|AC  0|TAMS 0x000000070aa00000, 0x000000070aa00000|
| 171|0x000000070ab00000, 0x000000070ab00000, 0x000000070ac00000|  0%| F|  |TS  0|AC  0|TAMS 0x000000070ab00000, 0x000000070ab00000|
| 172|0x000000070ac00000, 0x000000070ac00000, 0x000000070ad00000|  0%| F|  |TS  0|AC  0|TAMS 0x000000070ac00000, 0x000000070ac00000|
| 173|0x000000070ad00000, 0x000000070ad00000, 0x000000070ae00000|  0%| F|  |TS  0|AC  0|TAMS 0x000000070ad00000, 0x000000070ad00000|
| 174|0x000000070ae00000, 0x000000070ae00000, 0x000000070af00000|  0%| F|  |TS  0|AC  0|TAMS 0x000000070ae00000, 0x000000070ae00000|
| 175|0x000000070af00000, 0x000000070af00000, 0x000000070b000000|  0%| F|  |TS  0|AC  0|TAMS 0x000000070af00000, 0x000000070af00000|
| 176|0x000000070b000000, 0x000000070b000000, 0x000000070b100000|  0%| F|  |TS  0|AC  0|TAMS 0x000000070b000000, 0x000000070b000000|
| 177|0x000000070b100000, 0x000000070b100000, 0x000000070b200000|  0%| F|  |TS  0|AC  0|TAMS 0x000000070b100000, 0x000000070b100000|
| 178|0x000000070b200000, 0x000000070b200000, 0x000000070b300000|  0%| F|  |TS  0|AC  0|TAMS 0x000000070b200000, 0x000000070b200000|
| 179|0x000000070b300000, 0x000000070b300000, 0x000000070b400000|  0%| F|  |TS  0|AC  0|TAMS 0x000000070b300000, 0x000000070b300000|
| 180|0x000000070b400000, 0x000000070b400000, 0x000000070b500000|  0%| F|  |TS  0|AC  0|TAMS 0x000000070b400000, 0x000000070b400000|
| 181|0x000000070b500000, 0x000000070b500000, 0x000000070b600000|  0%| F|  |TS  0|AC  0|TAMS 0x000000070b500000, 0x000000070b500000|
| 182|0x000000070b600000, 0x000000070b600000, 0x000000070b700000|  0%| F|  |TS  0|AC  0|TAMS 0x000000070b600000, 0x000000070b600000|
| 183|0x000000070b700000, 0x000000070b700000, 0x000000070b800000|  0%| F|  |TS  0|AC  0|TAMS 0x000000070b700000, 0x000000070b700000|
| 184|0x000000070b800000, 0x000000070b800000, 0x000000070b900000|  0%| F|  |TS  0|AC  0|TAMS 0x000000070b800000, 0x000000070b800000|
| 185|0x000000070b900000, 0x000000070b900000, 0x000000070ba00000|  0%| F|  |TS  0|AC  0|TAMS 0x000000070b900000, 0x000000070b900000|
| 186|0x000000070ba00000, 0x000000070ba00000, 0x000000070bb00000|  0%| F|  |TS  0|AC  0|TAMS 0x000000070ba00000, 0x000000070ba00000|
| 187|0x000000070bb00000, 0x000000070bb00000, 0x000000070bc00000|  0%| F|  |TS  0|AC  0|TAMS 0x000000070bb00000, 0x000000070bb00000|
| 188|0x000000070bc00000, 0x000000070bc00000, 0x000000070bd00000|  0%| F|  |TS  0|AC  0|TAMS 0x000000070bc00000, 0x000000070bc00000|
| 189|0x000000070bd00000, 0x000000070bd00000, 0x000000070be00000|  0%| F|  |TS  0|AC  0|TAMS 0x000000070bd00000, 0x000000070bd00000|
| 190|0x000000070be00000, 0x000000070be00000, 0x000000070bf00000|  0%| F|  |TS  0|AC  0|TAMS 0x000000070be00000, 0x000000070be00000|
| 191|0x000000070bf00000, 0x000000070bf00000, 0x000000070c000000|  0%| F|  |TS  0|AC  0|TAMS 0x000000070bf00000, 0x000000070bf00000|
| 192|0x000000070c000000, 0x000000070c000000, 0x000000070c100000|  0%| F|  |TS  0|AC  0|TAMS 0x000000070c000000, 0x000000070c000000|
| 193|0x000000070c100000, 0x000000070c100000, 0x000000070c200000|  0%| F|  |TS  0|AC  0|TAMS 0x000000070c100000, 0x000000070c100000|
| 194|0x000000070c200000, 0x000000070c200000, 0x000000070c300000|  0%| F|  |TS  0|AC  0|TAMS 0x000000070c200000, 0x000000070c200000|
| 195|0x000000070c300000, 0x000000070c300000, 0x000000070c400000|  0%| F|  |TS  0|AC  0|TAMS 0x000000070c300000, 0x000000070c300000|
| 196|0x000000070c400000, 0x000000070c400000, 0x000000070c500000|  0%| F|  |TS  0|AC  0|TAMS 0x000000070c400000, 0x000000070c400000|
| 197|0x000000070c500000, 0x000000070c500000, 0x000000070c600000|  0%| F|  |TS  0|AC  0|TAMS 0x000000070c500000, 0x000000070c500000|
| 198|0x000000070c600000, 0x000000070c600000, 0x000000070c700000|  0%| F|  |TS  0|AC  0|TAMS 0x000000070c600000, 0x000000070c600000|
| 199|0x000000070c700000, 0x000000070c700000, 0x000000070c800000|  0%| F|  |TS  0|AC  0|TAMS 0x000000070c700000, 0x000000070c700000|
| 200|0x000000070c800000, 0x000000070c800000, 0x000000070c900000|  0%| F|  |TS  0|AC  0|TAMS 0x000000070c800000, 0x000000070c800000|
| 201|0x000000070c900000, 0x000000070c900000, 0x000000070ca00000|  0%| F|  |TS  0|AC  0|TAMS 0x000000070c900000, 0x000000070c900000|
| 202|0x000000070ca00000, 0x000000070ca00000, 0x000000070cb00000|  0%| F|  |TS  0|AC  0|TAMS 0x000000070ca00000, 0x000000070ca00000|
| 203|0x000000070cb00000, 0x000000070cb00000, 0x000000070cc00000|  0%| F|  |TS  0|AC  0|TAMS 0x000000070cb00000, 0x000000070cb00000|
| 204|0x000000070cc00000, 0x000000070cc00000, 0x000000070cd00000|  0%| F|  |TS  0|AC  0|TAMS 0x000000070cc00000, 0x000000070cc00000|
| 205|0x000000070cd00000, 0x000000070cd00000, 0x000000070ce00000|  0%| F|  |TS  0|AC  0|TAMS 0x000000070cd00000, 0x000000070cd00000|
| 206|0x000000070ce00000, 0x000000070ce00000, 0x000000070cf00000|  0%| F|  |TS  0|AC  0|TAMS 0x000000070ce00000, 0x000000070ce00000|
| 207|0x000000070cf00000, 0x000000070cf00000, 0x000000070d000000|  0%| F|  |TS  0|AC  0|TAMS 0x000000070cf00000, 0x000000070cf00000|
| 208|0x000000070d000000, 0x000000070d000000, 0x000000070d100000|  0%| F|  |TS  0|AC  0|TAMS 0x000000070d000000, 0x000000070d000000|
| 209|0x000000070d100000, 0x000000070d100000, 0x000000070d200000|  0%| F|  |TS  0|AC  0|TAMS 0x000000070d100000, 0x000000070d100000|
| 210|0x000000070d200000, 0x000000070d200000, 0x000000070d300000|  0%| F|  |TS  0|AC  0|TAMS 0x000000070d200000, 0x000000070d200000|
| 211|0x000000070d300000, 0x000000070d300000, 0x000000070d400000|  0%| F|  |TS  0|AC  0|TAMS 0x000000070d300000, 0x000000070d300000|
| 212|0x000000070d400000, 0x000000070d400000, 0x000000070d500000|  0%| F|  |TS  0|AC  0|TAMS 0x000000070d400000, 0x000000070d400000|
| 213|0x000000070d500000, 0x000000070d500000, 0x000000070d600000|  0%| F|  |TS  0|AC  0|TAMS 0x000000070d500000, 0x000000070d500000|
| 214|0x000000070d600000, 0x000000070d600000, 0x000000070d700000|  0%| F|  |TS  0|AC  0|TAMS 0x000000070d600000, 0x000000070d600000|
| 215|0x000000070d700000, 0x000000070d700000, 0x000000070d800000|  0%| F|  |TS  0|AC  0|TAMS 0x000000070d700000, 0x000000070d700000|
| 216|0x000000070d800000, 0x000000070d800000, 0x000000070d900000|  0%| F|  |TS  0|AC  0|TAMS 0x000000070d800000, 0x000000070d800000|
| 217|0x000000070d900000, 0x000000070d900000, 0x000000070da00000|  0%| F|  |TS  0|AC  0|TAMS 0x000000070d900000, 0x000000070d900000|
| 218|0x000000070da00000, 0x000000070da00000, 0x000000070db00000|  0%| F|  |TS  0|AC  0|TAMS 0x000000070da00000, 0x000000070da00000|
| 219|0x000000070db00000, 0x000000070db00000, 0x000000070dc00000|  0%| F|  |TS  0|AC  0|TAMS 0x000000070db00000, 0x000000070db00000|
| 220|0x000000070dc00000, 0x000000070dc00000, 0x000000070dd00000|  0%| F|  |TS  0|AC  0|TAMS 0x000000070dc00000, 0x000000070dc00000|
| 221|0x000000070dd00000, 0x000000070dd00000, 0x000000070de00000|  0%| F|  |TS  0|AC  0|TAMS 0x000000070dd00000, 0x000000070dd00000|
| 222|0x000000070de00000, 0x000000070de00000, 0x000000070df00000|  0%| F|  |TS  0|AC  0|TAMS 0x000000070de00000, 0x000000070de00000|
| 223|0x000000070df00000, 0x000000070df00000, 0x000000070e000000|  0%| F|  |TS  0|AC  0|TAMS 0x000000070df00000, 0x000000070df00000|
| 224|0x000000070e000000, 0x000000070e000000, 0x000000070e100000|  0%| F|  |TS  0|AC  0|TAMS 0x000000070e000000, 0x000000070e000000|
| 225|0x000000070e100000, 0x000000070e100000, 0x000000070e200000|  0%| F|  |TS  0|AC  0|TAMS 0x000000070e100000, 0x000000070e100000|
| 226|0x000000070e200000, 0x000000070e200000, 0x000000070e300000|  0%| F|  |TS  0|AC  0|TAMS 0x000000070e200000, 0x000000070e200000|
| 227|0x000000070e300000, 0x000000070e300000, 0x000000070e400000|  0%| F|  |TS  0|AC  0|TAMS 0x000000070e300000, 0x000000070e300000|
| 228|0x000000070e400000, 0x000000070e400000, 0x000000070e500000|  0%| F|  |TS  0|AC  0|TAMS 0x000000070e400000, 0x000000070e400000|
| 229|0x000000070e500000, 0x000000070e500000, 0x000000070e600000|  0%| F|  |TS  0|AC  0|TAMS 0x000000070e500000, 0x000000070e500000|
| 230|0x000000070e600000, 0x000000070e600000, 0x000000070e700000|  0%| F|  |TS  0|AC  0|TAMS 0x000000070e600000, 0x000000070e600000|
| 231|0x000000070e700000, 0x000000070e700000, 0x000000070e800000|  0%| F|  |TS  0|AC  0|TAMS 0x000000070e700000, 0x000000070e700000|
| 232|0x000000070e800000, 0x000000070e800000, 0x000000070e900000|  0%| F|  |TS  0|AC  0|TAMS 0x000000070e800000, 0x000000070e800000|
| 233|0x000000070e900000, 0x000000070e900000, 0x000000070ea00000|  0%| F|  |TS  0|AC  0|TAMS 0x000000070e900000, 0x000000070e900000|
| 234|0x000000070ea00000, 0x000000070ea00000, 0x000000070eb00000|  0%| F|  |TS  0|AC  0|TAMS 0x000000070ea00000, 0x000000070ea00000|
| 235|0x000000070eb00000, 0x000000070eb00000, 0x000000070ec00000|  0%| F|  |TS  0|AC  0|TAMS 0x000000070eb00000, 0x000000070eb00000|
| 236|0x000000070ec00000, 0x000000070ec00000, 0x000000070ed00000|  0%| F|  |TS  0|AC  0|TAMS 0x000000070ec00000, 0x000000070ec00000|
| 237|0x000000070ed00000, 0x000000070ed00000, 0x000000070ee00000|  0%| F|  |TS  0|AC  0|TAMS 0x000000070ed00000, 0x000000070ed00000|
| 238|0x000000070ee00000, 0x000000070ee00000, 0x000000070ef00000|  0%| F|  |TS  0|AC  0|TAMS 0x000000070ee00000, 0x000000070ee00000|
| 239|0x000000070ef00000, 0x000000070ef00000, 0x000000070f000000|  0%| F|  |TS  0|AC  0|TAMS 0x000000070ef00000, 0x000000070ef00000|
| 240|0x000000070f000000, 0x000000070f000000, 0x000000070f100000|  0%| F|  |TS  0|AC  0|TAMS 0x000000070f000000, 0x000000070f000000|
| 241|0x000000070f100000, 0x000000070f100000, 0x000000070f200000|  0%| F|  |TS  0|AC  0|TAMS 0x000000070f100000, 0x000000070f100000|
| 242|0x000000070f200000, 0x000000070f200000, 0x000000070f300000|  0%| F|  |TS  0|AC  0|TAMS 0x000000070f200000, 0x000000070f200000|
| 243|0x000000070f300000, 0x000000070f300000, 0x000000070f400000|  0%| F|  |TS  0|AC  0|TAMS 0x000000070f300000, 0x000000070f300000|
| 244|0x000000070f400000, 0x000000070f400000, 0x000000070f500000|  0%| F|  |TS  0|AC  0|TAMS 0x000000070f400000, 0x000000070f400000|
| 245|0x000000070f500000, 0x000000070f500000, 0x000000070f600000|  0%| F|  |TS  0|AC  0|TAMS 0x000000070f500000, 0x000000070f500000|
| 246|0x000000070f600000, 0x000000070f600000, 0x000000070f700000|  0%| F|  |TS  0|AC  0|TAMS 0x000000070f600000, 0x000000070f600000|
| 247|0x000000070f700000, 0x000000070f700000, 0x000000070f800000|  0%| F|  |TS  0|AC  0|TAMS 0x000000070f700000, 0x000000070f700000|
| 248|0x000000070f800000, 0x000000070f800000, 0x000000070f900000|  0%| F|  |TS  0|AC  0|TAMS 0x000000070f800000, 0x000000070f800000|
| 249|0x000000070f900000, 0x000000070f900000, 0x000000070fa00000|  0%| F|  |TS  0|AC  0|TAMS 0x000000070f900000, 0x000000070f900000|
| 250|0x000000070fa00000, 0x000000070fa00000, 0x000000070fb00000|  0%| F|  |TS  0|AC  0|TAMS 0x000000070fa00000, 0x000000070fa00000|
| 251|0x000000070fb00000, 0x000000070fb00000, 0x000000070fc00000|  0%| F|  |TS  0|AC  0|TAMS 0x000000070fb00000, 0x000000070fb00000|
| 252|0x000000070fc00000, 0x000000070fc00000, 0x000000070fd00000|  0%| F|  |TS  0|AC  0|TAMS 0x000000070fc00000, 0x000000070fc00000|
| 253|0x000000070fd00000, 0x000000070fd14440, 0x000000070fe00000|  7%| S|CS|TS135|AC  0|TAMS 0x000000070fd00000, 0x000000070fd00000|
| 254|0x000000070fe00000, 0x000000070ff00000, 0x000000070ff00000|100%| S|CS|TS135|AC  0|TAMS 0x000000070fe00000, 0x000000070fe00000|
| 255|0x000000070ff00000, 0x0000000710000000, 0x0000000710000000|100%| S|CS|TS135|AC  0|TAMS 0x000000070ff00000, 0x000000070ff00000|
| 256|0x0000000710000000, 0x0000000710000000, 0x0000000710100000|  0%| F|  |TS135|AC  0|TAMS 0x0000000710000000, 0x0000000710000000|
| 257|0x0000000710100000, 0x0000000710100000, 0x0000000710200000|  0%| F|  |TS135|AC  0|TAMS 0x0000000710100000, 0x0000000710100000|
| 258|0x0000000710200000, 0x0000000710200000, 0x0000000710300000|  0%| F|  |TS135|AC  0|TAMS 0x0000000710200000, 0x0000000710200000|
| 259|0x0000000710300000, 0x0000000710300000, 0x0000000710400000|  0%| F|  |TS135|AC  0|TAMS 0x0000000710300000, 0x0000000710300000|
| 260|0x0000000710400000, 0x0000000710400000, 0x0000000710500000|  0%| F|  |TS135|AC  0|TAMS 0x0000000710400000, 0x0000000710400000|
| 261|0x0000000710500000, 0x0000000710500000, 0x0000000710600000|  0%| F|  |TS135|AC  0|TAMS 0x0000000710500000, 0x0000000710500000|
| 262|0x0000000710600000, 0x0000000710600000, 0x0000000710700000|  0%| F|  |TS135|AC  0|TAMS 0x0000000710600000, 0x0000000710600000|
| 263|0x0000000710700000, 0x00000007107a1c00, 0x0000000710800000| 63%| E|  |TS135|AC  0|TAMS 0x0000000710700000, 0x0000000710700000|
| 264|0x0000000710800000, 0x0000000710900000, 0x0000000710900000|100%| E|CS|TS135|AC  0|TAMS 0x0000000710800000, 0x0000000710800000|
| 265|0x0000000710900000, 0x0000000710a00000, 0x0000000710a00000|100%| E|CS|TS135|AC  0|TAMS 0x0000000710900000, 0x0000000710900000|
| 266|0x0000000710a00000, 0x0000000710b00000, 0x0000000710b00000|100%| E|CS|TS135|AC  0|TAMS 0x0000000710a00000, 0x0000000710a00000|
| 267|0x0000000710b00000, 0x0000000710c00000, 0x0000000710c00000|100%| E|CS|TS135|AC  0|TAMS 0x0000000710b00000, 0x0000000710b00000|
| 268|0x0000000710c00000, 0x0000000710d00000, 0x0000000710d00000|100%| E|CS|TS135|AC  0|TAMS 0x0000000710c00000, 0x0000000710c00000|
| 269|0x0000000710d00000, 0x0000000710e00000, 0x0000000710e00000|100%| E|CS|TS135|AC  0|TAMS 0x0000000710d00000, 0x0000000710d00000|
| 270|0x0000000710e00000, 0x0000000710f00000, 0x0000000710f00000|100%| E|CS|TS135|AC  0|TAMS 0x0000000710e00000, 0x0000000710e00000|
| 271|0x0000000710f00000, 0x0000000711000000, 0x0000000711000000|100%| E|CS|TS135|AC  0|TAMS 0x0000000710f00000, 0x0000000710f00000|
| 272|0x0000000711000000, 0x0000000711100000, 0x0000000711100000|100%| E|CS|TS135|AC  0|TAMS 0x0000000711000000, 0x0000000711000000|
| 273|0x0000000711100000, 0x0000000711200000, 0x0000000711200000|100%| E|CS|TS135|AC  0|TAMS 0x0000000711100000, 0x0000000711100000|
| 274|0x0000000711200000, 0x0000000711300000, 0x0000000711300000|100%| E|CS|TS135|AC  0|TAMS 0x0000000711200000, 0x0000000711200000|
| 275|0x0000000711300000, 0x0000000711400000, 0x0000000711400000|100%| E|CS|TS135|AC  0|TAMS 0x0000000711300000, 0x0000000711300000|
| 276|0x0000000711400000, 0x0000000711500000, 0x0000000711500000|100%| E|CS|TS135|AC  0|TAMS 0x0000000711400000, 0x0000000711400000|
| 277|0x0000000711500000, 0x0000000711600000, 0x0000000711600000|100%| E|CS|TS135|AC  0|TAMS 0x0000000711500000, 0x0000000711500000|
| 278|0x0000000711600000, 0x0000000711700000, 0x0000000711700000|100%| E|CS|TS135|AC  0|TAMS 0x0000000711600000, 0x0000000711600000|
| 279|0x0000000711700000, 0x0000000711800000, 0x0000000711800000|100%| E|CS|TS135|AC  0|TAMS 0x0000000711700000, 0x0000000711700000|
| 280|0x0000000711800000, 0x0000000711900000, 0x0000000711900000|100%| E|CS|TS135|AC  0|TAMS 0x0000000711800000, 0x0000000711800000|
| 281|0x0000000711900000, 0x0000000711a00000, 0x0000000711a00000|100%| E|CS|TS135|AC  0|TAMS 0x0000000711900000, 0x0000000711900000|
| 282|0x0000000711a00000, 0x0000000711b00000, 0x0000000711b00000|100%| E|CS|TS135|AC  0|TAMS 0x0000000711a00000, 0x0000000711a00000|
| 283|0x0000000711b00000, 0x0000000711c00000, 0x0000000711c00000|100%| E|CS|TS135|AC  0|TAMS 0x0000000711b00000, 0x0000000711b00000|
| 284|0x0000000711c00000, 0x0000000711d00000, 0x0000000711d00000|100%| E|CS|TS135|AC  0|TAMS 0x0000000711c00000, 0x0000000711c00000|
| 285|0x0000000711d00000, 0x0000000711e00000, 0x0000000711e00000|100%| E|CS|TS135|AC  0|TAMS 0x0000000711d00000, 0x0000000711d00000|
| 286|0x0000000711e00000, 0x0000000711f00000, 0x0000000711f00000|100%| E|CS|TS135|AC  0|TAMS 0x0000000711e00000, 0x0000000711e00000|
| 287|0x0000000711f00000, 0x0000000712000000, 0x0000000712000000|100%| E|CS|TS135|AC  0|TAMS 0x0000000711f00000, 0x0000000711f00000|
| 288|0x0000000712000000, 0x0000000712100000, 0x0000000712100000|100%| E|CS|TS135|AC  0|TAMS 0x0000000712000000, 0x0000000712000000|
| 289|0x0000000712100000, 0x0000000712200000, 0x0000000712200000|100%| E|CS|TS135|AC  0|TAMS 0x0000000712100000, 0x0000000712100000|
| 290|0x0000000712200000, 0x0000000712300000, 0x0000000712300000|100%| E|CS|TS135|AC  0|TAMS 0x0000000712200000, 0x0000000712200000|
| 291|0x0000000712300000, 0x0000000712400000, 0x0000000712400000|100%| E|CS|TS135|AC  0|TAMS 0x0000000712300000, 0x0000000712300000|
| 292|0x0000000712400000, 0x0000000712500000, 0x0000000712500000|100%| E|CS|TS135|AC  0|TAMS 0x0000000712400000, 0x0000000712400000|
| 293|0x0000000712500000, 0x0000000712600000, 0x0000000712600000|100%| E|CS|TS135|AC  0|TAMS 0x0000000712500000, 0x0000000712500000|
| 294|0x0000000712600000, 0x0000000712700000, 0x0000000712700000|100%| E|CS|TS135|AC  0|TAMS 0x0000000712600000, 0x0000000712600000|
| 295|0x0000000712700000, 0x0000000712800000, 0x0000000712800000|100%| E|CS|TS135|AC  0|TAMS 0x0000000712700000, 0x0000000712700000|
| 296|0x0000000712800000, 0x0000000712900000, 0x0000000712900000|100%| E|CS|TS135|AC  0|TAMS 0x0000000712800000, 0x0000000712800000|
| 297|0x0000000712900000, 0x0000000712a00000, 0x0000000712a00000|100%| E|CS|TS135|AC  0|TAMS 0x0000000712900000, 0x0000000712900000|
| 298|0x0000000712a00000, 0x0000000712b00000, 0x0000000712b00000|100%| E|CS|TS135|AC  0|TAMS 0x0000000712a00000, 0x0000000712a00000|
| 299|0x0000000712b00000, 0x0000000712c00000, 0x0000000712c00000|100%| E|CS|TS135|AC  0|TAMS 0x0000000712b00000, 0x0000000712b00000|
| 300|0x0000000712c00000, 0x0000000712d00000, 0x0000000712d00000|100%| E|CS|TS135|AC  0|TAMS 0x0000000712c00000, 0x0000000712c00000|
| 301|0x0000000712d00000, 0x0000000712e00000, 0x0000000712e00000|100%| E|CS|TS135|AC  0|TAMS 0x0000000712d00000, 0x0000000712d00000|
| 302|0x0000000712e00000, 0x0000000712f00000, 0x0000000712f00000|100%| E|CS|TS135|AC  0|TAMS 0x0000000712e00000, 0x0000000712e00000|
| 303|0x0000000712f00000, 0x0000000713000000, 0x0000000713000000|100%| E|CS|TS135|AC  0|TAMS 0x0000000712f00000, 0x0000000712f00000|
| 304|0x0000000713000000, 0x0000000713100000, 0x0000000713100000|100%| E|CS|TS135|AC  0|TAMS 0x0000000713000000, 0x0000000713000000|
| 305|0x0000000713100000, 0x0000000713200000, 0x0000000713200000|100%| E|CS|TS135|AC  0|TAMS 0x0000000713100000, 0x0000000713100000|
| 306|0x0000000713200000, 0x0000000713300000, 0x0000000713300000|100%| E|CS|TS135|AC  0|TAMS 0x0000000713200000, 0x0000000713200000|
| 307|0x0000000713300000, 0x0000000713400000, 0x0000000713400000|100%| E|CS|TS135|AC  0|TAMS 0x0000000713300000, 0x0000000713300000|
| 308|0x0000000713400000, 0x0000000713500000, 0x0000000713500000|100%| E|CS|TS135|AC  0|TAMS 0x0000000713400000, 0x0000000713400000|
| 309|0x0000000713500000, 0x0000000713600000, 0x0000000713600000|100%| E|CS|TS135|AC  0|TAMS 0x0000000713500000, 0x0000000713500000|
| 310|0x0000000713600000, 0x0000000713700000, 0x0000000713700000|100%| E|CS|TS135|AC  0|TAMS 0x0000000713600000, 0x0000000713600000|
| 311|0x0000000713700000, 0x0000000713800000, 0x0000000713800000|100%| E|CS|TS135|AC  0|TAMS 0x0000000713700000, 0x0000000713700000|
| 312|0x0000000713800000, 0x0000000713900000, 0x0000000713900000|100%| E|CS|TS135|AC  0|TAMS 0x0000000713800000, 0x0000000713800000|
| 313|0x0000000713900000, 0x0000000713a00000, 0x0000000713a00000|100%| E|CS|TS135|AC  0|TAMS 0x0000000713900000, 0x0000000713900000|
| 314|0x0000000713a00000, 0x0000000713b00000, 0x0000000713b00000|100%| E|CS|TS135|AC  0|TAMS 0x0000000713a00000, 0x0000000713a00000|
| 315|0x0000000713b00000, 0x0000000713c00000, 0x0000000713c00000|100%| E|CS|TS135|AC  0|TAMS 0x0000000713b00000, 0x0000000713b00000|

Card table byte_map: [0x000001f0dc6b0000,0x000001f0dccb0000] byte_map_base: 0x000001f0d8eb0000

Marking Bits (Prev, Next): (CMBitMap*) 0x000001f0c4925958, (CMBitMap*) 0x000001f0c4925920
 Prev Bits: [0x000001f0e02b0000, 0x000001f0e32b0000)
 Next Bits: [0x000001f0dd2b0000, 0x000001f0e02b0000)

Polling page: 0x000001f0bb550000

CodeHeap 'non-profiled nmethods': size=120000Kb used=28844Kb max_used=29363Kb free=91155Kb
 bounds [0x000001f0d4470000, 0x000001f0d6150000, 0x000001f0db9a0000]
CodeHeap 'profiled nmethods': size=120000Kb used=53992Kb max_used=56382Kb free=66007Kb
 bounds [0x000001f0ccf40000, 0x000001f0d06c0000, 0x000001f0d4470000]
CodeHeap 'non-nmethods': size=5760Kb used=1929Kb max_used=1981Kb free=3830Kb
 bounds [0x000001f0cc9a0000, 0x000001f0ccc10000, 0x000001f0ccf40000]
 total_blobs=43853 nmethods=21910 adapters=1331
 compilation: enabled

Compilation events (10 events):
Event: 14296.242 Thread 0x000001f0c301b000 nmethod 29929 0x000001f0cf2a4a10 code [0x000001f0cf2a4e80, 0x000001f0cf2a7bf0]
Event: 14296.320 Thread 0x000001f0c1bc3800 nmethod 29919 0x000001f0d59e0490 code [0x000001f0d59e08a0, 0x000001f0d59e41a8]
Event: 14296.963 Thread 0x000001f0c301b000 29930       1       com.jidesoft.swing.JideLabel::getUIClassID (3 bytes)
Event: 14296.963 Thread 0x000001f0c301b000 nmethod 29930 0x000001f0d58bec10 code [0x000001f0d58bedc0, 0x000001f0d58beed8]
Event: 14297.240 Thread 0x000001f0c301b000 29931       1       com.jidesoft.grid.CategorizedTable::isUseLnfDefaultSortIcon (5 bytes)
Event: 14297.240 Thread 0x000001f0c301b000 nmethod 29931 0x000001f0d58e1d10 code [0x000001f0d58e1ec0, 0x000001f0d58e1fd8]
Event: 14298.562 Thread 0x000001f0c301b000 29932       3       ui.utils.o.aa::c (13 bytes)
Event: 14298.562 Thread 0x000001f0c301b000 nmethod 29932 0x000001f0ce06c210 code [0x000001f0ce06c3e0, 0x000001f0ce06c730]
Event: 14298.562 Thread 0x000001f0c301b000 29933       3       ui.utils.o.ab::<init> (10 bytes)
Event: 14298.562 Thread 0x000001f0c301b000 nmethod 29933 0x000001f0cdffad90 code [0x000001f0cdffaf40, 0x000001f0cdffb158]

GC Heap History (10 events):
Event: 14293.509 GC heap before
{Heap before GC invocations=1207 (full 208):
 garbage-first heap   total 323584K, used 161074K [0x0000000700000000, 0x00000007001009e0, 0x00000007c0000000)
  region size 1024K, 60 young (61440K), 3 survivors (3072K)
 Metaspace       used 102143K, capacity 104846K, committed 112688K, reserved 1144832K
  class space    used 14812K, capacity 15361K, committed 16944K, reserved 1048576K
}
Event: 14293.513 GC heap after
{Heap after GC invocations=1208 (full 208):
 garbage-first heap   total 323584K, used 102834K [0x0000000700000000, 0x00000007001009e0, 0x00000007c0000000)
  region size 1024K, 3 young (3072K), 3 survivors (3072K)
 Metaspace       used 102143K, capacity 104846K, committed 112688K, reserved 1144832K
  class space    used 14812K, capacity 15361K, committed 16944K, reserved 1048576K
}
Event: 14293.908 GC heap before
{Heap before GC invocations=1208 (full 208):
 garbage-first heap   total 323584K, used 161202K [0x0000000700000000, 0x00000007001009e0, 0x00000007c0000000)
  region size 1024K, 60 young (61440K), 3 survivors (3072K)
 Metaspace       used 102152K, capacity 104846K, committed 112688K, reserved 1144832K
  class space    used 14813K, capacity 15361K, committed 16944K, reserved 1048576K
}
Event: 14293.911 GC heap after
{Heap after GC invocations=1209 (full 208):
 garbage-first heap   total 323584K, used 102810K [0x0000000700000000, 0x00000007001009e0, 0x00000007c0000000)
  region size 1024K, 2 young (2048K), 2 survivors (2048K)
 Metaspace       used 102152K, capacity 104846K, committed 112688K, reserved 1144832K
  class space    used 14813K, capacity 15361K, committed 16944K, reserved 1048576K
}
Event: 14294.243 GC heap before
{Heap before GC invocations=1209 (full 208):
 garbage-first heap   total 323584K, used 162202K [0x0000000700000000, 0x00000007001009e0, 0x00000007c0000000)
  region size 1024K, 60 young (61440K), 2 survivors (2048K)
 Metaspace       used 102165K, capacity 104846K, committed 112688K, reserved 1144832K
  class space    used 14813K, capacity 15361K, committed 16944K, reserved 1048576K
}
Event: 14294.247 GC heap after
{Heap after GC invocations=1210 (full 208):
 garbage-first heap   total 323584K, used 103005K [0x0000000700000000, 0x00000007001009e0, 0x00000007c0000000)
  region size 1024K, 3 young (3072K), 3 survivors (3072K)
 Metaspace       used 102165K, capacity 104846K, committed 112688K, reserved 1144832K
  class space    used 14813K, capacity 15361K, committed 16944K, reserved 1048576K
}
Event: 14296.180 GC heap before
{Heap before GC invocations=1210 (full 208):
 garbage-first heap   total 323584K, used 161373K [0x0000000700000000, 0x00000007001009e0, 0x00000007c0000000)
  region size 1024K, 60 young (61440K), 3 survivors (3072K)
 Metaspace       used 102184K, capacity 104910K, committed 112688K, reserved 1144832K
  class space    used 14813K, capacity 15361K, committed 16944K, reserved 1048576K
}
Event: 14296.184 GC heap after
{Heap after GC invocations=1211 (full 208):
 garbage-first heap   total 323584K, used 103267K [0x0000000700000000, 0x00000007001009e0, 0x00000007c0000000)
  region size 1024K, 3 young (3072K), 3 survivors (3072K)
 Metaspace       used 102184K, capacity 104910K, committed 112688K, reserved 1144832K
  class space    used 14813K, capacity 15361K, committed 16944K, reserved 1048576K
}
Event: 14297.089 GC heap before
{Heap before GC invocations=1211 (full 208):
 garbage-first heap   total 323584K, used 161635K [0x0000000700000000, 0x00000007001009e0, 0x00000007c0000000)
  region size 1024K, 60 young (61440K), 3 survivors (3072K)
 Metaspace       used 102199K, capacity 104910K, committed 112688K, reserved 1144832K
  class space    used 14813K, capacity 15361K, committed 16944K, reserved 1048576K
}
Event: 14297.092 GC heap after
{Heap after GC invocations=1212 (full 208):
 garbage-first heap   total 323584K, used 103129K [0x0000000700000000, 0x00000007001009e0, 0x00000007c0000000)
  region size 1024K, 3 young (3072K), 3 survivors (3072K)
 Metaspace       used 102199K, capacity 104910K, committed 112688K, reserved 1144832K
  class space    used 14813K, capacity 15361K, committed 16944K, reserved 1048576K
}

Deoptimization events (10 events):
Event: 14293.947 Thread 0x000001f0e8598800 Uncommon trap: reason=class_check action=maybe_recompile pc=0x000001f0d589a5c8 method=com.jidesoft.document.c.a(Ljava/awt/AWTEvent;)V @ 90 c2
Event: 14293.966 Thread 0x000001f0e8598800 Uncommon trap: reason=bimorphic_or_optimized_type_check action=maybe_recompile pc=0x000001f0d5b4c7fc method=com.jidesoft.grid.TreeExpandablePanel.paintFocus(Ljava/awt/Graphics;)V @ 27 c2
Event: 14294.044 Thread 0x000001f0e8598800 Uncommon trap: reason=class_check action=maybe_recompile pc=0x000001f0d5aaf3b0 method=javax.swing.JTable.getSelectedRows()[I @ 60 c2
Event: 14294.045 Thread 0x000001f0e8598800 Uncommon trap: reason=bimorphic_or_optimized_type_check action=maybe_recompile pc=0x000001f0d4f5a56c method=com.jidesoft.grid.AbstractExpandable.getNumberOfVisibleExpandable()I @ 119 c2
Event: 14294.047 Thread 0x000001f0e8598800 Uncommon trap: reason=unstable_if action=reinterpret pc=0x000001f0d4e42fa4 method=com.jidesoft.grid.TableModelWrapperUtils.getActualTableModel(Ljavax/swing/table/TableModel;)Ljavax/swing/table/TableModel; @ 9 c2
Event: 14294.073 Thread 0x000001f0e8598800 Uncommon trap: reason=bimorphic_or_optimized_type_check action=maybe_recompile pc=0x000001f0d5b0a078 method=com.jidesoft.grid.AbstractExpandable.b(Lcom/jidesoft/grid/Expandable;Ljava/lang/Object;)I @ 33 c2
Event: 14294.074 Thread 0x000001f0e8598800 Uncommon trap: reason=class_check action=maybe_recompile pc=0x000001f0d5aaf3b0 method=javax.swing.JTable.getSelectedRows()[I @ 60 c2
Event: 14294.074 Thread 0x000001f0e8598800 Uncommon trap: reason=class_check action=maybe_recompile pc=0x000001f0d5aaf3b0 method=javax.swing.JTable.getSelectedRows()[I @ 60 c2
Event: 14294.075 Thread 0x000001f0e8598800 Uncommon trap: reason=class_check action=maybe_recompile pc=0x000001f0d5aaf3b0 method=javax.swing.JTable.getSelectedRows()[I @ 60 c2
Event: 14294.289 Thread 0x000001f0e8598800 Uncommon trap: reason=unstable_if action=reinterpret pc=0x000001f0d5f626d0 method=java.awt.KeyboardFocusManager.retargetFocusEvent(Ljava/awt/AWTEvent;)Ljava/awt/AWTEvent; @ 129 c2

Classes redefined (0 events):
No events

Internal exceptions (10 events):
Event: 14220.365 Thread 0x000001f0e8598800 Exception <a 'java/lang/NoSuchMethodError'{0x00000007107f6670}: java.lang.invoke.DelegatingMethodHandle$Holder.reinvoke_L(Ljava/lang/Object;IILjava/lang/Object;ILjava/lang/Object;Ljava/lang/Object;)Ljava/lang/Object;> (0x00000007107f6670) thrown at [t:/wo
Event: 14220.365 Thread 0x000001f0e8598800 Exception <a 'java/lang/NoSuchMethodError'{0x000000071061d578}: java.lang.invoke.DirectMethodHandle$Holder.invokeSpecial(Ljava/lang/Object;Ljava/lang/Object;Ljava/lang/Object;ILjava/lang/Object;Ljava/lang/Object;)Ljava/lang/Object;> (0x000000071061d578) t
Event: 14225.131 Thread 0x000001f09e14c800 Exception <a 'java/lang/InterruptedException'{0x0000000712500c70}: sleep interrupted> (0x0000000712500c70) thrown at [t:/workspace/hotspot/src/share/vm/prims/jvm.cpp, line 2984]
Event: 14230.906 Thread 0x000001f0e8598800 Exception <a 'java/lang/NoSuchMethodError'{0x0000000711b62960}: java.lang.invoke.DelegatingMethodHandle$Holder.reinvoke_L(Ljava/lang/Object;IIILjava/lang/Object;Ljava/lang/Object;Ljava/lang/Object;Ljava/lang/Object;)Ljava/lang/Object;> (0x0000000711b62960
Event: 14235.452 Thread 0x000001f0e8598800 Exception <a 'java/lang/NoSuchMethodError'{0x0000000710a34628}: java.lang.invoke.DirectMethodHandle$Holder.invokeSpecial(Ljava/lang/Object;Ljava/lang/Object;IIILjava/lang/Object;Ljava/lang/Object;)Ljava/lang/Object;> (0x0000000710a34628) thrown at [t:/wor
Event: 14235.452 Thread 0x000001f0e8598800 Exception <a 'java/lang/NoSuchMethodError'{0x0000000710a37b00}: java.lang.invoke.DelegatingMethodHandle$Holder.reinvoke_L(Ljava/lang/Object;IIILjava/lang/Object;Ljava/lang/Object;)Ljava/lang/Object;> (0x0000000710a37b00) thrown at [t:/workspace/hotspot/sr
Event: 14235.452 Thread 0x000001f0e8598800 Exception <a 'java/lang/NoSuchMethodError'{0x0000000710a49980}: java.lang.invoke.DirectMethodHandle$Holder.invokeSpecial(Ljava/lang/Object;Ljava/lang/Object;ILjava/lang/Object;Ljava/lang/Object;)Ljava/lang/Object;> (0x0000000710a49980) thrown at [t:/works
Event: 14265.268 Thread 0x000001f0e8598800 Exception <a 'java/lang/NoSuchMethodError'{0x00000007139226a0}: java.lang.invoke.DelegatingMethodHandle$Holder.reinvoke_L(Ljava/lang/Object;IIILjava/lang/Object;Ljava/lang/Object;Ljava/lang/Object;)Ljava/lang/Object;> (0x00000007139226a0) thrown at [t:/wo
Event: 14294.047 Thread 0x000001f0e8598800 Implicit null exception at 0x000001f0d4e42e2d to 0x000001f0d4e42f95
Event: 14297.143 Thread 0x000001f09e151800 Exception <a 'java/lang/InterruptedException'{0x0000000713a86da0}: sleep interrupted> (0x0000000713a86da0) thrown at [t:/workspace/hotspot/src/share/vm/prims/jvm.cpp, line 2984]

Events (10 events):
Event: 14297.141 Executing VM operation: RevokeBias
Event: 14297.141 Executing VM operation: RevokeBias done
Event: 14297.143 Executing VM operation: RevokeBias
Event: 14297.143 Executing VM operation: RevokeBias done
Event: 14297.593 Thread 0x000001f09e153000 Thread added: 0x000001f09e153000
Event: 14297.595 Executing VM operation: RevokeBias
Event: 14297.595 Executing VM operation: RevokeBias done
Event: 14297.595 Thread 0x000001f09e153000 Thread exited: 0x000001f09e153000
Event: 14297.945 Thread 0x000001f09e153000 Thread added: 0x000001f09e153000
Event: 14297.947 Thread 0x000001f09e153000 Thread exited: 0x000001f09e153000


Dynamic libraries:
0x00007ff6d5f20000 - 0x00007ff6d5f50000 	D:\Xilinx\Vivado\2018.3\bin\unwrapped\win64.o\vivado.exe
0x00007ffeebbe0000 - 0x00007ffeebdd0000 	C:\Windows\SYSTEM32\ntdll.dll
0x00007ffeeb150000 - 0x00007ffeeb202000 	C:\Windows\System32\KERNEL32.DLL
0x00007ffee9720000 - 0x00007ffee99c4000 	C:\Windows\System32\KERNELBASE.dll
0x00007ffee9540000 - 0x00007ffee963a000 	C:\Windows\System32\ucrtbase.dll
0x00007ffec1a80000 - 0x00007ffec1b19000 	C:\Windows\SYSTEM32\MSVCP140.dll
0x00007ffeda350000 - 0x00007ffeda364000 	D:\Xilinx\Vivado\2018.3\lib\win64.o\librdi_commonmain.dll
0x00007ffe91f90000 - 0x00007ffe92e24000 	D:\Xilinx\Vivado\2018.3\lib\win64.o\librdi_common.dll
0x00007ffed2830000 - 0x00007ffed2846000 	C:\Windows\SYSTEM32\VCRUNTIME140.dll
0x00007ffed6a30000 - 0x00007ffed6a44000 	D:\Xilinx\Vivado\2018.3\lib\win64.o\libboost_signals.dll
0x00007ffeeb240000 - 0x00007ffeeb3d4000 	C:\Windows\System32\USER32.dll
0x00007ffecf920000 - 0x00007ffecf946000 	D:\Xilinx\Vivado\2018.3\lib\win64.o\libboost_filesystem.dll
0x00007ffee9370000 - 0x00007ffee9391000 	C:\Windows\System32\win32u.dll
0x00007ffee9da0000 - 0x00007ffee9e43000 	C:\Windows\System32\ADVAPI32.dll
0x00007ffee1a90000 - 0x00007ffee1a9a000 	D:\Xilinx\Vivado\2018.3\lib\win64.o\librdi_commonversion.dll
0x00007ffeeb210000 - 0x00007ffeeb236000 	C:\Windows\System32\GDI32.dll
0x00007ffee9c90000 - 0x00007ffee9d2e000 	C:\Windows\System32\msvcrt.dll
0x00007ffee93a0000 - 0x00007ffee9536000 	C:\Windows\System32\gdi32full.dll
0x00007ffee9f70000 - 0x00007ffeea007000 	C:\Windows\System32\sechost.dll
0x00007ffeb07a0000 - 0x00007ffeb08c1000 	D:\Xilinx\Vivado\2018.3\lib\win64.o\librdi_commonxillic.dll
0x00007ffee99f0000 - 0x00007ffee9a8e000 	C:\Windows\System32\msvcp_win.dll
0x00007ffee9e50000 - 0x00007ffee9f70000 	C:\Windows\System32\RPCRT4.dll
0x0000000074190000 - 0x00000000742bb000 	D:\Xilinx\Vivado\2018.3\lib\win64.o\tcl85t.dll
0x00007ffeeb4b0000 - 0x00007ffeebb96000 	C:\Windows\System32\SHELL32.dll
0x00007ffeeaf20000 - 0x00007ffeeaf8f000 	C:\Windows\System32\WS2_32.dll
0x00007ffee9670000 - 0x00007ffee96ba000 	C:\Windows\System32\cfgmgr32.dll
0x00007ffeeb0a0000 - 0x00007ffeeb149000 	C:\Windows\System32\shcore.dll
0x00007ffea0b70000 - 0x00007ffea0ede000 	D:\Xilinx\Vivado\2018.3\lib\win64.o\libCOIN-all.dll
0x00007ffeea8a0000 - 0x00007ffeeabd5000 	C:\Windows\System32\combase.dll
0x00007ffe9f550000 - 0x00007ffe9f805000 	D:\Xilinx\Vivado\2018.3\lib\win64.o\libXil_lmgr11.dll
0x00007ffed4b50000 - 0x00007ffed4b64000 	D:\Xilinx\Vivado\2018.3\lib\win64.o\libboost_date_time.dll
0x00007ffeeb3e0000 - 0x00007ffeeb4b0000 	C:\Windows\System32\COMDLG32.dll
0x00007ffee92f0000 - 0x00007ffee9370000 	C:\Windows\System32\bcryptPrimitives.dll
0x00007ffeeb040000 - 0x00007ffeeb092000 	C:\Windows\System32\SHLWAPI.dll
0x00007ffee8b60000 - 0x00007ffee92e2000 	C:\Windows\System32\windows.storage.dll
0x00007ffee8b30000 - 0x00007ffee8b53000 	C:\Windows\System32\profapi.dll
0x00007ffeea040000 - 0x00007ffeea105000 	C:\Windows\System32\OLEAUT32.dll
0x00007ffea5290000 - 0x00007ffea53a4000 	D:\Xilinx\Vivado\2018.3\lib\win64.o\libboost_regex.dll
0x00007ffecc7e0000 - 0x00007ffecc85f000 	D:\Xilinx\Vivado\2018.3\lib\win64.o\libboost_program_options.dll
0x00007ffee8ac0000 - 0x00007ffee8b0a000 	C:\Windows\System32\powrprof.dll
0x00007ffeeac60000 - 0x00007ffeeadb7000 	C:\Windows\System32\ole32.dll
0x00007ffee8a90000 - 0x00007ffee8aa0000 	C:\Windows\System32\UMPDC.dll
0x00007ffee96c0000 - 0x00007ffee971c000 	C:\Windows\System32\WINTRUST.dll
0x00007ffee8b10000 - 0x00007ffee8b21000 	C:\Windows\System32\kernel.appcore.dll
0x00007ffee19b0000 - 0x00007ffee19bb000 	D:\Xilinx\Vivado\2018.3\lib\win64.o\libboost_system.dll
0x00007ffee8aa0000 - 0x00007ffee8ab2000 	C:\Windows\System32\MSASN1.dll
0x00007ffee99d0000 - 0x00007ffee99e7000 	C:\Windows\System32\cryptsp.dll
0x00007ffecf8a0000 - 0x00007ffecf8c1000 	D:\Xilinx\Vivado\2018.3\lib\win64.o\libboost_thread.dll
0x00007ffee9a90000 - 0x00007ffee9bd9000 	C:\Windows\System32\CRYPT32.dll
0x00007ffee0f70000 - 0x00007ffee0f7f000 	D:\Xilinx\Vivado\2018.3\lib\win64.o\libboost_xilinx.dll
0x00007ffeb7110000 - 0x00007ffeb71b5000 	D:\Xilinx\Vivado\2018.3\lib\win64.o\libhdxml.dll
0x00007ffecbfe0000 - 0x00007ffecc062000 	D:\Xilinx\Vivado\2018.3\lib\win64.o\libhdlpsolve.dll
0x00007ffe91740000 - 0x00007ffe91f8e600 	D:\Xilinx\Vivado\2018.3\lib\win64.o\libisl_iostreams.dll
0x00007ffecf810000 - 0x00007ffecf83e000 	D:\Xilinx\Vivado\2018.3\lib\win64.o\libisl_sysinfo.dll
0x00007ffec1b50000 - 0x00007ffec1bb5000 	D:\Xilinx\Vivado\2018.3\lib\win64.o\liblmx6.0.dll
0x00007ffecff30000 - 0x00007ffecff4a000 	D:\Xilinx\Vivado\2018.3\lib\win64.o\pthreadVC2.dll
0x00007ffecf7e0000 - 0x00007ffecf7fc000 	D:\Xilinx\Vivado\2018.3\lib\win64.o\librdiconfig.dll
0x00007ffecc700000 - 0x00007ffecc721000 	D:\Xilinx\Vivado\2018.3\lib\win64.o\librdizlib.dll
0x0000000012000000 - 0x0000000012272000 	D:\Xilinx\Vivado\2018.3\lib\win64.o\xerces-c_3_1.dll
0x00007ffeccab0000 - 0x00007ffeccac7000 	C:\Windows\SYSTEM32\NETAPI32.dll
0x00007ffed6300000 - 0x00007ffed67d5000 	C:\Windows\SYSTEM32\WININET.dll
0x00007ffed88c0000 - 0x00007ffed89b0000 	C:\Windows\SYSTEM32\WINHTTP.dll
0x00007ffeda960000 - 0x00007ffedab36000 	C:\Windows\SYSTEM32\urlmon.dll
0x00007ffed6f50000 - 0x00007ffed6ff9000 	C:\Windows\WinSxS\amd64_microsoft.windows.common-controls_6595b64144ccf1df_5.82.18362.959_none_2a27bd024669d2fe\COMCTL32.dll
0x00007ffed61e0000 - 0x00007ffed61e9000 	C:\Windows\SYSTEM32\WSOCK32.dll
0x00007ffee0b30000 - 0x00007ffee0b4c000 	C:\Windows\SYSTEM32\dhcpcsvc.DLL
0x00007ffeea190000 - 0x00007ffeea198000 	C:\Windows\System32\NSI.dll
0x00007ffecc680000 - 0x00007ffecc6a9000 	C:\Windows\SYSTEM32\VCOMP140.DLL
0x00007ffe908a0000 - 0x00007ffe91731000 	D:\Xilinx\Vivado\2018.3\lib\win64.o\gurobi65.dll
0x00007ffedbb00000 - 0x00007ffedbb0d000 	D:\Xilinx\Vivado\2018.3\lib\win64.o\libboost_chrono.dll
0x00007ffecc3e0000 - 0x00007ffecc3fb000 	D:\Xilinx\Vivado\2018.3\lib\win64.o\libboost_iostreams.dll
0x00007ffecc130000 - 0x00007ffecc155000 	D:\Xilinx\Vivado\2018.3\lib\win64.o\libisl_iosutils.dll
0x00007ffed8b30000 - 0x00007ffed8dd6000 	C:\Windows\SYSTEM32\iertutil.dll
0x00007ffee84d0000 - 0x00007ffee84dc000 	C:\Windows\SYSTEM32\CRYPTBASE.DLL
0x00007ffee8120000 - 0x00007ffee812c000 	C:\Windows\SYSTEM32\NETUTILS.DLL
0x00007ffeea010000 - 0x00007ffeea03e000 	C:\Windows\System32\IMM32.DLL
0x00007ffe903a0000 - 0x00007ffe90895000 	D:\Xilinx\Vivado\2018.3\lib\win64.o\librdi_commontasks.dll
0x00007ffee0840000 - 0x00007ffee084a000 	C:\Windows\SYSTEM32\VERSION.dll
0x00007ffe90120000 - 0x00007ffe9039f000 	D:\Xilinx\Vivado\2018.3\lib\win64.o\librdi_sio.dll
0x0000000073760000 - 0x0000000074185000 	D:\Xilinx\Vivado\2018.3\tps\win64\jre9.0.4\bin\server\jvm.dll
0x00007ffee8010000 - 0x00007ffee804a000 	C:\Windows\SYSTEM32\IPHLPAPI.DLL
0x00007ffee9d90000 - 0x00007ffee9d98000 	C:\Windows\System32\PSAPI.DLL
0x00007ffee5740000 - 0x00007ffee5764000 	C:\Windows\SYSTEM32\WINMM.dll
0x00007ffee5710000 - 0x00007ffee573d000 	C:\Windows\SYSTEM32\WINMMBASE.dll
0x00007ffeb48f0000 - 0x00007ffeb49df000 	C:\Windows\SYSTEM32\MSVCR120.dll
0x00007ffee8300000 - 0x00007ffee8367000 	C:\Windows\SYSTEM32\MSWSOCK.DLL
0x00007ffe8dd50000 - 0x00007ffe90112000 	D:\Xilinx\Vivado\2018.3\lib\win64.o\librdi_tcltasks.dll
0x00007ffec1960000 - 0x00007ffec19ca000 	D:\Xilinx\Vivado\2018.3\lib\win64.o\librdi_boarddep.dll
0x00007ffeaf500000 - 0x00007ffeaf5dc000 	D:\Xilinx\Vivado\2018.3\lib\win64.o\librdi_chipscope.dll
0x00007ffea4d80000 - 0x00007ffea4efe000 	D:\Xilinx\Vivado\2018.3\lib\win64.o\librdi_board.dll
0x00007ffe8d970000 - 0x00007ffe8dd4c000 	D:\Xilinx\Vivado\2018.3\lib\win64.o\librdi_bitstream.dll
0x00007ffea17c0000 - 0x00007ffea1979000 	D:\Xilinx\Vivado\2018.3\lib\win64.o\librdi_chipscopeimpl.dll
0x00007ffea1370000 - 0x00007ffea14b8000 	D:\Xilinx\Vivado\2018.3\lib\win64.o\librdi_containers.dll
0x00007ffe89b60000 - 0x00007ffe8a23a000 	D:\Xilinx\Vivado\2018.3\lib\win64.o\librdi_coregenipxact.dll
0x00007ffe8c060000 - 0x00007ffe8d965000 	D:\Xilinx\Vivado\2018.3\lib\win64.o\librdi_constraints.dll
0x00007ffe74ce0000 - 0x00007ffe74ffb000 	D:\Xilinx\Vivado\2018.3\lib\win64.o\librdi_dlyest.dll
0x00007ffe8a240000 - 0x00007ffe8c05f000 	D:\Xilinx\Vivado\2018.3\lib\win64.o\librdi_coregen.dll
0x00007ffe85d60000 - 0x00007ffe89b5b000 	D:\Xilinx\Vivado\2018.3\lib\win64.o\librdi_designutils.dll
0x00007ffeab7e0000 - 0x00007ffeab8a2000 	D:\Xilinx\Vivado\2018.3\lib\win64.o\librdi_dsp.dll
0x00007ffe74780000 - 0x00007ffe74ce0000 	D:\Xilinx\Vivado\2018.3\lib\win64.o\librdi_drc.dll
0x00007ffe74140000 - 0x00007ffe7477f000 	D:\Xilinx\Vivado\2018.3\lib\win64.o\librdi_filemgmt.dll
0x00007ffecc080000 - 0x00007ffecc0dd000 	D:\Xilinx\Vivado\2018.3\lib\win64.o\librdi_hdf.dll
0x00007ffe73e60000 - 0x00007ffe7413a000 	D:\Xilinx\Vivado\2018.3\lib\win64.o\librdi_guitools.dll
0x00007ffe72ac0000 - 0x00007ffe73e51000 	D:\Xilinx\Vivado\2018.3\lib\win64.o\librdi_implflow.dll
0x00007ffeb7020000 - 0x00007ffeb7091000 	D:\Xilinx\Vivado\2018.3\lib\win64.o\librdi_memoryarray.dll
0x00007ffe724a0000 - 0x00007ffe72ab5000 	D:\Xilinx\Vivado\2018.3\lib\win64.o\librdi_memdata.dll
0x00007ffeb7610000 - 0x00007ffeb7660000 	D:\Xilinx\Vivado\2018.3\lib\win64.o\librdi_pfi.dll
0x00007ffe75000000 - 0x00007ffe85d52000 	D:\Xilinx\Vivado\2018.3\lib\win64.o\librdi_device.dll
0x00007ffe6e4b0000 - 0x00007ffe6eaeb000 	D:\Xilinx\Vivado\2018.3\lib\win64.o\librdi_netlist.dll
0x00007ffe6bc80000 - 0x00007ffe6bf87000 	D:\Xilinx\Vivado\2018.3\lib\win64.o\librdi_platform.dll
0x00007ffe6b580000 - 0x00007ffe6bc75000 	D:\Xilinx\Vivado\2018.3\lib\win64.o\librdi_power.dll
0x00007ffe6b020000 - 0x00007ffe6b576000 	D:\Xilinx\Vivado\2018.3\lib\win64.o\librdi_project.dll
0x00007ffe6a920000 - 0x00007ffe6b013000 	D:\Xilinx\Vivado\2018.3\lib\win64.o\librdi_psta.dll
0x00007ffe6a240000 - 0x00007ffe6a919000 	D:\Xilinx\Vivado\2018.3\lib\win64.o\librdi_rsb.dll
0x00007ffe69e60000 - 0x00007ffe6a237000 	D:\Xilinx\Vivado\2018.3\lib\win64.o\librdi_runs.dll
0x00007ffe6bf90000 - 0x00007ffe6e4a4000 	D:\Xilinx\Vivado\2018.3\lib\win64.o\librdi_place.dll
0x00007ffea1290000 - 0x00007ffea1368000 	D:\Xilinx\Vivado\2018.3\lib\win64.o\librdi_runsbase.dll
0x00007ffe69c30000 - 0x00007ffe69e58000 	D:\Xilinx\Vivado\2018.3\lib\win64.o\librdi_simdata.dll
0x00007ffea0a10000 - 0x00007ffea0b64000 	D:\Xilinx\Vivado\2018.3\lib\win64.o\librdi_advchipscopeimpl.dll
0x00007ffe68ea0000 - 0x00007ffe69c2d000 	D:\Xilinx\Vivado\2018.3\lib\win64.o\librdi_timing.dll
0x00007ffe6eaf0000 - 0x00007ffe7249c000 	D:\Xilinx\Vivado\2018.3\lib\win64.o\librdi_mig.dll
0x00007ffeb5f30000 - 0x00007ffeb5f7c000 	D:\Xilinx\Vivado\2018.3\lib\win64.o\libboost_serialization.dll
0x00007ffeb1e80000 - 0x00007ffeb1f38000 	D:\Xilinx\Vivado\2018.3\lib\win64.o\librdi_hip_devdesign.dll
0x00007ffeac960000 - 0x00007ffeaca0b000 	D:\Xilinx\Vivado\2018.3\lib\win64.o\librdi_ipconfig_readwrite.dll
0x00007ffeb6150000 - 0x00007ffeb6188000 	D:\Xilinx\Vivado\2018.3\lib\win64.o\librdi_noc_frameworks.dll
0x00007ffeb3ee0000 - 0x00007ffeb3f7e000 	D:\Xilinx\Vivado\2018.3\lib\win64.o\libise.dll
0x00007ffe67f90000 - 0x00007ffe68345000 	D:\Xilinx\Vivado\2018.3\lib\win64.o\librdi_hip_config.dll
0x00007ffe68350000 - 0x00007ffe68e97000 	D:\Xilinx\Vivado\2018.3\lib\win64.o\libverific.dll

VM Arguments:
jvm_args: -Dsun.java2d.pmoffscreen=false -Dsun.java2d.xrender=false -Dsun.java2d.d3d=false -Dsun.awt.nopixfmt=true -Dsun.java2d.dpiaware=true -Dsun.java2d.uiScale.enabled=false -Xverify:none -Dswing.aatext=true -XX:-UsePerfData -Djdk.map.althashing.threshold=512 -XX:StringTableSize=4072 --add-opens=java.base/java.nio=ALL-UNNAMED --add-opens=java.desktop/sun.swing=ALL-UNNAMED --add-opens=java.desktop/javax.swing=ALL-UNNAMED --add-opens=java.desktop/javax.swing.tree=ALL-UNNAMED --add-opens=java.desktop/javax.swing.plaf.basic=ALL-UNNAMED --add-opens=java.desktop/javax.swing.plaf.synth=ALL-UNNAMED --add-opens=java.desktop/com.sun.awt=ALL-UNNAMED -XX:NewSize=60m -XX:MaxNewSize=60m -Xms128m -Xmx3072m -Xss5m 
java_command: <unknown>
java_class_path (initial): D:/Xilinx/Vivado/2018.3\lib\classes\alloy.jar;D:/Xilinx/Vivado/2018.3\lib\classes\autopilot.scelaborator.jar;D:/Xilinx/Vivado/2018.3\lib\classes\autopilot.sourceprocessor.jar;D:/Xilinx/Vivado/2018.3\lib\classes\autopilot.tbprocessor.jar;D:/Xilinx/Vivado/2018.3\lib\classes\batik-anim.jar;D:/Xilinx/Vivado/2018.3\lib\classes\batik-awt-util.jar;D:/Xilinx/Vivado/2018.3\lib\classes\batik-bridge.jar;D:/Xilinx/Vivado/2018.3\lib\classes\batik-codec.jar;D:/Xilinx/Vivado/2018.3\lib\classes\batik-css.jar;D:/Xilinx/Vivado/2018.3\lib\classes\batik-dom.jar;D:/Xilinx/Vivado/2018.3\lib\classes\batik-ext.jar;D:/Xilinx/Vivado/2018.3\lib\classes\batik-gui-util.jar;D:/Xilinx/Vivado/2018.3\lib\classes\batik-gvt.jar;D:/Xilinx/Vivado/2018.3\lib\classes\batik-parser.jar;D:/Xilinx/Vivado/2018.3\lib\classes\batik-script.jar;D:/Xilinx/Vivado/2018.3\lib\classes\batik-svg-dom.jar;D:/Xilinx/Vivado/2018.3\lib\classes\batik-swing.jar;D:/Xilinx/Vivado/2018.3\lib\classes\batik-transcoder.jar;D:/Xilinx/Vivado/2018.3\lib\classes\batik-util.jar;D:/Xilinx/Vivado/2018.3\lib\classes\batik-xml.jar;D:/Xilinx/Vivado/2018.3\lib\classes\com.ibm.icu_4.4.2.v20110208.jar;D:/Xilinx/Vivado/2018.3\lib\classes\commons-collections4-4.1.jar;D:/Xilinx/Vivado/2018.3\lib\classes\commons-math-2.2.jar;D:/Xilinx/Vivado/2018.3\lib\classes\dom4j-1.6.1.jar;D:/Xilinx/Vivado/2018.3\lib\classes\guava-18.0.jar;D:/Xilinx/Vivado/2018.3\lib\classes\help.jar;D:/Xilinx/Vivado/2018.3\lib\classes\hsqldb.jar;D:/Xilinx/Vivado/2018.3\lib\classes\jargs.jar;D:/Xilinx/Vivado/2018.3\lib\classes\jaxb-api-2.3.0.jar;D:/Xilinx/Vivado/2018.3\lib\classes\jh.jar;D:/Xilinx/Vivado/2018.3\lib\classes\jide-action.jar;D:/Xilinx/Vivado/2018.3\lib\classes\jide-charts.jar;D:/Xilinx/Vivado/2018.3\lib\classes\jide-common.jar;D:/Xilinx/Vivado/2018.3\lib\classes\jide-components.jar;D:/Xilinx/Vivado/2018.3\lib\classes\jide-dashboard.jar;D:/Xilinx/Vivado/2018.3\lib\classes\jide-data.jar;D:/Xilinx/Vivado/2018.3\lib\classes\jide-dialogs.jar
Launcher Type: generic

Logging:
Log output configuration:
#0: stdout all=warning uptime,level,tags
#1: stderr all=off uptime,level,tags

Environment Variables:
PATH=D:/Xilinx/Vivado/2018.3/bin;D:/Xilinx/Vivado/2018.3/lib/win64.o;D:/Xilinx/Vivado/2018.3/tps/win64/jre9.0.4/bin/server;D:/Xilinx/Vivado/2018.3/tps/win64/jre9.0.4/bin;D:/Xilinx/SDK/2018.3/bin;D:/Xilinx/Vivado/2018.3/ids_lite/ISE/bin/nt64;D:/Xilinx/Vivado/2018.3/ids_lite/ISE/lib/nt64;C:\Program Files (x86)\Common Files\Oracle\Java\javapath;C:\Windows\system32;C:\Windows;C:\Windows\System32\Wbem;C:\Windows\System32\WindowsPowerShell\v1.0\;C:\Windows\System32\OpenSSH\;C:\Program Files (x86)\Intel\Intel(R) Management Engine Components\DAL;C:\Program Files\Intel\Intel(R) Management Engine Components\DAL;C:\Program Files\PuTTY\;E:\matlab\runtime\win64;E:\matlab\bin;E:\matlab\polyspace\bin;C:\Program Files\IDM Computer Solutions\UltraEdit;C:\Program Files (x86)\Windows Kits\8.1\Windows Performance Toolkit\;C:\winrtlsdr;D:\Xilinx\Vivado\2018.3\bin\vivado_hls.bat;D:\Xilinx\Vivado\2018.3\msys64\mingw64\bin;C:\Program Files (x86)\Atmel\sam-ba_2.12\drv\;C:\Program Files (x86)\Atmel\sam-ba_2.12;C:\Users\Jerry\AppData\Local\Microsoft\WindowsApps;C:\Program Files\JetBrains\PyCharm 2018.3.5\bin;;C:\Users\Jerry\AppData\Local\Programs\Microsoft VS Code\bin;C:\iverilog\bin;C:\iverilog\gtkwave\bin;D:/Xilinx/Vivado/2018.3\tps\mingw\6.2.0\win64.o\nt\bin;D:/Xilinx/Vivado/2018.3\tps\mingw\6.2.0\win64.o\nt\libexec\gcc\x86_64-w64-mingw32\6.2.0
USERNAME=Jerry
OS=Windows_NT
PROCESSOR_IDENTIFIER=Intel64 Family 6 Model 158 Stepping 10, GenuineIntel



---------------  S Y S T E M  ---------------

OS: Windows 10 , 64 bit Build 18362 (10.0.18362.959)

CPU:total 12 (initial active 12) (6 cores per cpu, 2 threads per core) family 6 model 158 stepping 10, cmov, cx8, fxsr, mmx, sse, sse2, sse3, ssse3, sse4.1, sse4.2, popcnt, avx, avx2, aes, clmul, erms, 3dnowpref, lzcnt, ht, tsc, tscinvbit, bmi1, bmi2, adx, fma

Memory: 4k page, physical 8221748k(2522872k free), swap 29193268k(15118928k free)

vm_info: Java HotSpot(TM) 64-Bit Server VM (9.0.4+11) for windows-amd64 JRE (9.0.4+11), built on Dec 20 2017 02:18:54 by "mach5one" with MS VC++ 12.0 (VS2013)

END.
