#-----------------------------------------------------------
# Vivado v2018.3 (64-bit)
# SW Build 2405991 on Thu Dec  6 23:38:27 MST 2018
# IP Build 2404404 on Fri Dec  7 01:43:56 MST 2018
# Start of session at: Tue Jul 28 01:01:26 2020
# Process ID: 24508
# Current directory: D:/summer-camp/logic-analyse/hardware_input
# Command line: vivado.exe -gui_launcher_event rodinguilauncherevent19988 D:\summer-camp\logic-analyse\hardware_input\hardware_input.xpr
# Log file: D:/summer-camp/logic-analyse/hardware_input/vivado.log
# Journal file: D:/summer-camp/logic-analyse/hardware_input\vivado.jou
#-----------------------------------------------------------
start_gui
open_project D:/summer-camp/logic-analyse/hardware_input/hardware_input.xpr
Scanning sources...
Finished scanning sources
WARNING: [filemgmt 56-3] IPUserFilesDir: Could not find the directory 'D:/summer-camp/logic-analyse/hardware_input/hardware_input.ip_user_files'.
INFO: [IP_Flow 19-234] Refreshing IP repositories
INFO: [IP_Flow 19-1700] Loaded user IP repository 'd:/summer-camp/logic-analyse/ip_repo/logic_input_1.0'.
INFO: [IP_Flow 19-2313] Loaded Vivado IP repository 'D:/Xilinx/Vivado/2018.3/data/ip'.
open_project: Time (s): cpu = 00:00:15 ; elapsed = 00:00:07 . Memory (MB): peak = 730.148 ; gain = 95.430
update_compile_order -fileset sources_1
create_bd_design "design_1"
Wrote  : <D:\summer-camp\logic-analyse\hardware_input\hardware_input.srcs\sources_1\bd\design_1\design_1.bd> 
create_bd_design: Time (s): cpu = 00:00:13 ; elapsed = 00:00:08 . Memory (MB): peak = 882.355 ; gain = 104.809
update_compile_order -fileset sources_1
startgroup
create_bd_cell -type ip -vlnv xilinx.com:ip:blk_mem_gen:8.4 blk_mem_gen_0
INFO: [Device 21-403] Loading part xc7z020clg400-1
endgroup
WARNING: [IP_Flow 19-4067] Ignoring invalid widget type specified checkbox.Providing a default widget
WARNING: [IP_Flow 19-4067] Ignoring invalid widget type specified checkbox.Providing a default widget
set_property -dict [list CONFIG.Memory_Type {True_Dual_Port_RAM} CONFIG.Enable_B {Use_ENB_Pin} CONFIG.Use_RSTB_Pin {true} CONFIG.Port_B_Clock {100} CONFIG.Port_B_Write_Rate {50} CONFIG.Port_B_Enable_Rate {100} CONFIG.EN_SAFETY_CKT {false}] [get_bd_cells blk_mem_gen_0]
create_bd_cell -type module -reference intern_clk intern_clk_0
delete_bd_objs [get_bd_cells intern_clk_0]
create_bd_cell -type module -reference logic_in logic_in_0
set_property location {0.5 -176 -133} [get_bd_cells logic_in_0]
delete_bd_objs [get_bd_cells logic_in_0]
create_bd_cell -type module -reference logic_in logic_in_0
report_ip_status -name ip_status 
delete_bd_objs [get_bd_cells logic_in_0]
report_ip_status -name ip_status 
exit
INFO: [Common 17-206] Exiting Vivado at Tue Jul 28 01:04:36 2020...
