INFO: [VRFC 10-2263] Analyzing Verilog file "D:/summer-camp/logic-analyse/hardware_input/hardware_input.sim/sim_1/synth/func/xsim/logic_intb_func_synth.v" into library xil_defaultlib
INFO: [VRFC 10-311] analyzing module design_1
INFO: [VRFC 10-311] analyzing module design_1_blk_mem_gen_0_0
INFO: [VRFC 10-311] analyzing module design_1_logic_in_0_0
INFO: [VRFC 10-311] analyzing module design_1_logic_in_0_0_intern_clk
INFO: [VRFC 10-311] analyzing module design_1_logic_in_0_0_logic_in
INFO: [VRFC 10-311] analyzing module design_1_test_ram_0_0
INFO: [VRFC 10-311] analyzing module design_1_test_ram_0_0_test_ram
INFO: [VRFC 10-311] analyzing module design_1_wrapper
INFO: [VRFC 10-311] analyzing module design_1_blk_mem_gen_0_0_blk_mem_gen_generic_cstr
INFO: [VRFC 10-311] analyzing module design_1_blk_mem_gen_0_0_blk_mem_gen_prim_width
INFO: [VRFC 10-311] analyzing module design_1_blk_mem_gen_0_0_blk_mem_gen_prim_width__parameterized0
INFO: [VRFC 10-311] analyzing module design_1_blk_mem_gen_0_0_blk_mem_gen_prim_wrapper
INFO: [VRFC 10-311] analyzing module design_1_blk_mem_gen_0_0_blk_mem_gen_prim_wrapper__parameterized0
INFO: [VRFC 10-311] analyzing module design_1_blk_mem_gen_0_0_blk_mem_gen_top
INFO: [VRFC 10-311] analyzing module design_1_blk_mem_gen_0_0_blk_mem_gen_v8_4_2
INFO: [VRFC 10-311] analyzing module design_1_blk_mem_gen_0_0_blk_mem_gen_v8_4_2_synth
INFO: [VRFC 10-311] analyzing module glbl
INFO: [VRFC 10-2263] Analyzing Verilog file "D:/summer-camp/logic-analyse/hardware_input/hardware_input.srcs/sim_1/new/logic_intb.v" into library xil_defaultlib
INFO: [VRFC 10-311] analyzing module logic_intb
